{"/home/travis/build/npmtest/node-npmtest-msgpack5/test.js":{"path":"/home/travis/build/npmtest/node-npmtest-msgpack5/test.js","s":{"1":2,"2":2,"3":2,"4":2,"5":2,"6":2,"7":2,"8":1,"9":2,"10":2,"11":1,"12":1,"13":1,"14":1,"15":2,"16":2,"17":2,"18":2,"19":1,"20":1,"21":2,"22":2,"23":2,"24":1,"25":1,"26":1,"27":1,"28":1,"29":1,"30":1,"31":1,"32":1,"33":1,"34":1,"35":1,"36":1,"37":1,"38":1,"39":2,"40":2,"41":1,"42":2,"43":2,"44":1,"45":2,"46":2,"47":1,"48":2,"49":2,"50":1,"51":1,"52":1,"53":1,"54":1},"b":{"1":[2,1,1,1],"2":[1,1,1,1],"3":[1,1],"4":[1,1],"5":[1,1],"6":[1,1],"7":[1,1],"8":[1,1],"9":[1,1],"10":[1,1,1],"11":[1,1],"12":[1,1],"13":[1,1],"14":[1,1],"15":[1,1],"16":[1,1],"17":[1,1]},"f":{"1":2,"2":2,"3":2,"4":2,"5":2,"6":1,"7":1,"8":1,"9":2,"10":2,"11":2,"12":2,"13":1},"fnMap":{"1":{"name":"(anonymous_1)","line":12,"loc":{"start":{"line":12,"column":1},"end":{"line":12,"column":13}}},"2":{"name":"(anonymous_2)","line":19,"loc":{"start":{"line":19,"column":5},"end":{"line":19,"column":17}}},"3":{"name":"(anonymous_3)","line":23,"loc":{"start":{"line":23,"column":24},"end":{"line":23,"column":36}}},"4":{"name":"(anonymous_4)","line":61,"loc":{"start":{"line":61,"column":5},"end":{"line":61,"column":17}}},"5":{"name":"(anonymous_5)","line":82,"loc":{"start":{"line":82,"column":5},"end":{"line":82,"column":17}}},"6":{"name":"(anonymous_6)","line":91,"loc":{"start":{"line":91,"column":77},"end":{"line":94,"column":10}}},"7":{"name":"(anonymous_7)","line":112,"loc":{"start":{"line":112,"column":83},"end":{"line":115,"column":10}},"skip":true},"8":{"name":"(anonymous_8)","line":123,"loc":{"start":{"line":123,"column":77},"end":{"line":126,"column":10}},"skip":true},"9":{"name":"(anonymous_9)","line":139,"loc":{"start":{"line":139,"column":12},"end":{"line":139,"column":40}},"skip":true},"10":{"name":"(anonymous_10)","line":147,"loc":{"start":{"line":147,"column":77},"end":{"line":150,"column":10}},"skip":true},"11":{"name":"(anonymous_11)","line":158,"loc":{"start":{"line":158,"column":83},"end":{"line":161,"column":10}},"skip":true},"12":{"name":"(anonymous_12)","line":169,"loc":{"start":{"line":169,"column":79},"end":{"line":172,"column":10}},"skip":true},"13":{"name":"(anonymous_13)","line":180,"loc":{"start":{"line":180,"column":75},"end":{"line":183,"column":10}},"skip":true}},"statementMap":{"1":{"start":{"line":12,"column":0},"end":{"line":195,"column":5}},"2":{"start":{"line":14,"column":4},"end":{"line":14,"column":14}},"3":{"start":{"line":19,"column":4},"end":{"line":56,"column":9}},"4":{"start":{"line":21,"column":8},"end":{"line":21,"column":19}},"5":{"start":{"line":23,"column":8},"end":{"line":35,"column":13}},"6":{"start":{"line":24,"column":12},"end":{"line":34,"column":13}},"7":{"start":{"line":25,"column":16},"end":{"line":28,"column":30}},"8":{"start":{"line":30,"column":16},"end":{"line":33,"column":27}},"9":{"start":{"line":37,"column":8},"end":{"line":39,"column":21}},"10":{"start":{"line":40,"column":8},"end":{"line":53,"column":9}},"11":{"start":{"line":43,"column":12},"end":{"line":46,"column":14}},"12":{"start":{"line":47,"column":12},"end":{"line":47,"column":18}},"13":{"start":{"line":50,"column":12},"end":{"line":51,"column":46}},"14":{"start":{"line":52,"column":12},"end":{"line":52,"column":18}},"15":{"start":{"line":55,"column":8},"end":{"line":55,"column":35}},"16":{"start":{"line":61,"column":4},"end":{"line":63,"column":9}},"17":{"start":{"line":62,"column":8},"end":{"line":62,"column":15}},"18":{"start":{"line":64,"column":4},"end":{"line":77,"column":5}},"19":{"start":{"line":70,"column":8},"end":{"line":70,"column":14}},"20":{"start":{"line":76,"column":8},"end":{"line":76,"column":14}},"21":{"start":{"line":82,"column":4},"end":{"line":84,"column":9}},"22":{"start":{"line":83,"column":8},"end":{"line":83,"column":15}},"23":{"start":{"line":85,"column":4},"end":{"line":194,"column":5}},"24":{"start":{"line":91,"column":8},"end":{"line":99,"column":10}},"25":{"start":{"line":98,"column":12},"end":{"line":98,"column":35}},"26":{"start":{"line":102,"column":8},"end":{"line":104,"column":63}},"27":{"start":{"line":105,"column":8},"end":{"line":105,"column":14}},"28":{"start":{"line":112,"column":8},"end":{"line":121,"column":10},"skip":true},"29":{"start":{"line":119,"column":12},"end":{"line":119,"column":55},"skip":true},"30":{"start":{"line":120,"column":12},"end":{"line":120,"column":48},"skip":true},"31":{"start":{"line":123,"column":8},"end":{"line":136,"column":10},"skip":true},"32":{"start":{"line":130,"column":12},"end":{"line":130,"column":76},"skip":true},"33":{"start":{"line":131,"column":12},"end":{"line":131,"column":73},"skip":true},"34":{"start":{"line":132,"column":12},"end":{"line":132,"column":74},"skip":true},"35":{"start":{"line":133,"column":12},"end":{"line":133,"column":79},"skip":true},"36":{"start":{"line":134,"column":12},"end":{"line":134,"column":25},"skip":true},"37":{"start":{"line":135,"column":12},"end":{"line":135,"column":45},"skip":true},"38":{"start":{"line":138,"column":8},"end":{"line":145,"column":14},"skip":true},"39":{"start":{"line":143,"column":16},"end":{"line":143,"column":29},"skip":true},"40":{"start":{"line":144,"column":16},"end":{"line":144,"column":55},"skip":true},"41":{"start":{"line":147,"column":8},"end":{"line":156,"column":10},"skip":true},"42":{"start":{"line":154,"column":12},"end":{"line":154,"column":25},"skip":true},"43":{"start":{"line":155,"column":12},"end":{"line":155,"column":45},"skip":true},"44":{"start":{"line":158,"column":8},"end":{"line":167,"column":10},"skip":true},"45":{"start":{"line":165,"column":12},"end":{"line":165,"column":25},"skip":true},"46":{"start":{"line":166,"column":12},"end":{"line":166,"column":48},"skip":true},"47":{"start":{"line":169,"column":8},"end":{"line":178,"column":10},"skip":true},"48":{"start":{"line":176,"column":12},"end":{"line":176,"column":25},"skip":true},"49":{"start":{"line":177,"column":12},"end":{"line":177,"column":46},"skip":true},"50":{"start":{"line":180,"column":8},"end":{"line":189,"column":10},"skip":true},"51":{"start":{"line":187,"column":12},"end":{"line":187,"column":94},"skip":true},"52":{"start":{"line":188,"column":12},"end":{"line":188,"column":48},"skip":true},"53":{"start":{"line":192,"column":8},"end":{"line":192,"column":35},"skip":true},"54":{"start":{"line":193,"column":8},"end":{"line":193,"column":14},"skip":true}},"branchMap":{"1":{"line":25,"type":"binary-expr","locations":[{"start":{"line":25,"column":23},"end":{"line":25,"column":62}},{"start":{"line":26,"column":20},"end":{"line":26,"column":70}},{"start":{"line":27,"column":20},"end":{"line":27,"column":71}},{"start":{"line":28,"column":20},"end":{"line":28,"column":29}}]},"2":{"line":30,"type":"binary-expr","locations":[{"start":{"line":30,"column":23},"end":{"line":30,"column":37}},{"start":{"line":31,"column":20},"end":{"line":31,"column":61}},{"start":{"line":32,"column":20},"end":{"line":32,"column":70}},{"start":{"line":33,"column":20},"end":{"line":33,"column":26}}]},"3":{"line":37,"type":"cond-expr","locations":[{"start":{"line":38,"column":14},"end":{"line":38,"column":20}},{"start":{"line":39,"column":14},"end":{"line":39,"column":20}}]},"4":{"line":40,"type":"switch","locations":[{"start":{"line":42,"column":8},"end":{"line":47,"column":18}},{"start":{"line":49,"column":8},"end":{"line":52,"column":18}}]},"5":{"line":44,"type":"binary-expr","locations":[{"start":{"line":44,"column":16},"end":{"line":44,"column":44}},{"start":{"line":44,"column":48},"end":{"line":44,"column":66}}]},"6":{"line":50,"type":"binary-expr","locations":[{"start":{"line":50,"column":21},"end":{"line":50,"column":49}},{"start":{"line":50,"column":53},"end":{"line":50,"column":72}}]},"7":{"line":64,"type":"switch","locations":[{"start":{"line":69,"column":4},"end":{"line":70,"column":14}},{"start":{"line":75,"column":4},"end":{"line":76,"column":14}}]},"8":{"line":85,"type":"switch","locations":[{"start":{"line":90,"column":4},"end":{"line":105,"column":14}},{"start":{"line":111,"column":4},"end":{"line":193,"column":14},"skip":true}]},"9":{"line":91,"type":"binary-expr","locations":[{"start":{"line":91,"column":42},"end":{"line":91,"column":73}},{"start":{"line":91,"column":77},"end":{"line":99,"column":9}}]},"10":{"line":102,"type":"binary-expr","locations":[{"start":{"line":102,"column":18},"end":{"line":102,"column":32}},{"start":{"line":103,"column":12},"end":{"line":103,"column":53}},{"start":{"line":104,"column":12},"end":{"line":104,"column":61}}]},"11":{"line":112,"type":"binary-expr","locations":[{"start":{"line":112,"column":45},"end":{"line":112,"column":79},"skip":true},{"start":{"line":112,"column":83},"end":{"line":121,"column":9},"skip":true}]},"12":{"line":123,"type":"binary-expr","locations":[{"start":{"line":123,"column":42},"end":{"line":123,"column":73},"skip":true},{"start":{"line":123,"column":77},"end":{"line":136,"column":9},"skip":true}]},"13":{"line":138,"type":"binary-expr","locations":[{"start":{"line":138,"column":48},"end":{"line":138,"column":85},"skip":true},{"start":{"line":139,"column":12},"end":{"line":145,"column":13},"skip":true}]},"14":{"line":147,"type":"binary-expr","locations":[{"start":{"line":147,"column":42},"end":{"line":147,"column":73},"skip":true},{"start":{"line":147,"column":77},"end":{"line":156,"column":9},"skip":true}]},"15":{"line":158,"type":"binary-expr","locations":[{"start":{"line":158,"column":45},"end":{"line":158,"column":79},"skip":true},{"start":{"line":158,"column":83},"end":{"line":167,"column":9},"skip":true}]},"16":{"line":169,"type":"binary-expr","locations":[{"start":{"line":169,"column":43},"end":{"line":169,"column":75},"skip":true},{"start":{"line":169,"column":79},"end":{"line":178,"column":9},"skip":true}]},"17":{"line":180,"type":"binary-expr","locations":[{"start":{"line":180,"column":41},"end":{"line":180,"column":71},"skip":true},{"start":{"line":180,"column":75},"end":{"line":189,"column":9},"skip":true}]}},"code":["/* istanbul instrument in package npmtest_msgpack5 */","/*jslint","    bitwise: true,","    browser: true,","    maxerr: 8,","    maxlen: 96,","    node: true,","    nomen: true,","    regexp: true,","    stupid: true","*/","(function () {","    'use strict';","    var local;","","","","    // run shared js-env code - pre-init","    (function () {","        // init local","        local = {};","        // init modeJs","        local.modeJs = (function () {","            try {","                return typeof navigator.userAgent === 'string' &&","                    typeof document.querySelector('body') === 'object' &&","                    typeof XMLHttpRequest.prototype.open === 'function' &&","                    'browser';","            } catch (errorCaughtBrowser) {","                return module.exports &&","                    typeof process.versions.node === 'string' &&","                    typeof require('http').createServer === 'function' &&","                    'node';","            }","        }());","        // init global","        local.global = local.modeJs === 'browser'","            ? window","            : global;","        switch (local.modeJs) {","        // re-init local from window.local","        case 'browser':","            local = local.global.utility2.objectSetDefault(","                local.global.utility2_rollup || local.global.local,","                local.global.utility2","            );","            break;","        // re-init local from example.js","        case 'node':","            local = (local.global.utility2_rollup || require('utility2'))","                .requireExampleJsFromReadme();","            break;","        }","        // export local","        local.global.local = local;","    }());","","","","    // run shared js-env code - function","    (function () {","        return;","    }());","    switch (local.modeJs) {","","","","    // run browser js-env code - function","    case 'browser':","        break;","","","","    // run node js-env code - function","    case 'node':","        break;","    }","","","","    // run shared js-env code - post-init","    (function () {","        return;","    }());","    switch (local.modeJs) {","","","","    // run browser js-env code - post-init","    case 'browser':","        local.testCase_browser_nullCase = local.testCase_browser_nullCase || function (","            options,","            onError","        ) {","        /*","         * this function will test browsers's null-case handling-behavior-behavior","         */","            onError(null, options);","        };","","        // run tests","        local.nop(local.modeTest &&","            document.querySelector('#testRunButton1') &&","            document.querySelector('#testRunButton1').click());","        break;","","","","    // run node js-env code - post-init","    /* istanbul ignore next */","    case 'node':","        local.testCase_buildApidoc_default = local.testCase_buildApidoc_default || function (","            options,","            onError","        ) {","        /*","         * this function will test buildApidoc's default handling-behavior-behavior","         */","            options = { modulePathList: module.paths };","            local.buildApidoc(options, onError);","        };","","        local.testCase_buildApp_default = local.testCase_buildApp_default || function (","            options,","            onError","        ) {","        /*","         * this function will test buildApp's default handling-behavior-behavior","         */","            local.testCase_buildReadme_default(options, local.onErrorThrow);","            local.testCase_buildLib_default(options, local.onErrorThrow);","            local.testCase_buildTest_default(options, local.onErrorThrow);","            local.testCase_buildCustomOrg_default(options, local.onErrorThrow);","            options = [];","            local.buildApp(options, onError);","        };","","        local.testCase_buildCustomOrg_default = local.testCase_buildCustomOrg_default ||","            function (options, onError) {","            /*","             * this function will test buildCustomOrg's default handling-behavior","             */","                options = {};","                local.buildCustomOrg(options, onError);","            };","","        local.testCase_buildLib_default = local.testCase_buildLib_default || function (","            options,","            onError","        ) {","        /*","         * this function will test buildLib's default handling-behavior","         */","            options = {};","            local.buildLib(options, onError);","        };","","        local.testCase_buildReadme_default = local.testCase_buildReadme_default || function (","            options,","            onError","        ) {","        /*","         * this function will test buildReadme's default handling-behavior-behavior","         */","            options = {};","            local.buildReadme(options, onError);","        };","","        local.testCase_buildTest_default = local.testCase_buildTest_default || function (","            options,","            onError","        ) {","        /*","         * this function will test buildTest's default handling-behavior","         */","            options = {};","            local.buildTest(options, onError);","        };","","        local.testCase_webpage_default = local.testCase_webpage_default || function (","            options,","            onError","        ) {","        /*","         * this function will test webpage's default handling-behavior","         */","            options = { modeCoverageMerge: true, url: local.serverLocalHost + '?modeTest=1' };","            local.browserTest(options, onError);","        };","","        // run test-server","        local.testRunServer(local);","        break;","    }","}());",""],"l":{"12":2,"14":2,"19":2,"21":2,"23":2,"24":2,"25":2,"30":1,"37":2,"40":2,"43":1,"47":1,"50":1,"52":1,"55":2,"61":2,"62":2,"64":2,"70":1,"76":1,"82":2,"83":2,"85":2,"91":1,"98":1,"102":1,"105":1,"112":1,"119":1,"120":1,"123":1,"130":1,"131":1,"132":1,"133":1,"134":1,"135":1,"138":1,"143":2,"144":2,"147":1,"154":2,"155":2,"158":1,"165":2,"166":2,"169":1,"176":2,"177":2,"180":1,"187":1,"188":1,"192":1,"193":1}},"/home/travis/build/npmtest/node-npmtest-msgpack5/lib.npmtest_msgpack5.js":{"path":"/home/travis/build/npmtest/node-npmtest-msgpack5/lib.npmtest_msgpack5.js","s":{"1":2,"2":2,"3":2,"4":2,"5":2,"6":2,"7":2,"8":1,"9":2,"10":2,"11":2,"12":2,"13":1,"14":1,"15":1,"16":1},"b":{"1":[2,1,1,1],"2":[1,1,1,1],"3":[1,1],"4":[2,2],"5":[1,1]},"f":{"1":2,"2":2,"3":2},"fnMap":{"1":{"name":"(anonymous_1)","line":12,"loc":{"start":{"line":12,"column":1},"end":{"line":12,"column":13}}},"2":{"name":"(anonymous_2)","line":19,"loc":{"start":{"line":19,"column":5},"end":{"line":19,"column":17}}},"3":{"name":"(anonymous_3)","line":23,"loc":{"start":{"line":23,"column":24},"end":{"line":23,"column":36}}}},"statementMap":{"1":{"start":{"line":12,"column":0},"end":{"line":53,"column":5}},"2":{"start":{"line":14,"column":4},"end":{"line":14,"column":14}},"3":{"start":{"line":19,"column":4},"end":{"line":52,"column":9}},"4":{"start":{"line":21,"column":8},"end":{"line":21,"column":19}},"5":{"start":{"line":23,"column":8},"end":{"line":35,"column":13}},"6":{"start":{"line":24,"column":12},"end":{"line":34,"column":13}},"7":{"start":{"line":25,"column":16},"end":{"line":28,"column":30}},"8":{"start":{"line":30,"column":16},"end":{"line":33,"column":27}},"9":{"start":{"line":37,"column":8},"end":{"line":39,"column":21}},"10":{"start":{"line":41,"column":8},"end":{"line":41,"column":54}},"11":{"start":{"line":43,"column":8},"end":{"line":43,"column":53}},"12":{"start":{"line":45,"column":8},"end":{"line":51,"column":9}},"13":{"start":{"line":46,"column":12},"end":{"line":46,"column":59}},"14":{"start":{"line":48,"column":12},"end":{"line":48,"column":35}},"15":{"start":{"line":49,"column":12},"end":{"line":49,"column":49}},"16":{"start":{"line":50,"column":12},"end":{"line":50,"column":43}}},"branchMap":{"1":{"line":25,"type":"binary-expr","locations":[{"start":{"line":25,"column":23},"end":{"line":25,"column":62}},{"start":{"line":26,"column":20},"end":{"line":26,"column":70}},{"start":{"line":27,"column":20},"end":{"line":27,"column":71}},{"start":{"line":28,"column":20},"end":{"line":28,"column":29}}]},"2":{"line":30,"type":"binary-expr","locations":[{"start":{"line":30,"column":23},"end":{"line":30,"column":37}},{"start":{"line":31,"column":20},"end":{"line":31,"column":61}},{"start":{"line":32,"column":20},"end":{"line":32,"column":70}},{"start":{"line":33,"column":20},"end":{"line":33,"column":26}}]},"3":{"line":37,"type":"cond-expr","locations":[{"start":{"line":38,"column":14},"end":{"line":38,"column":20}},{"start":{"line":39,"column":14},"end":{"line":39,"column":20}}]},"4":{"line":41,"type":"binary-expr","locations":[{"start":{"line":41,"column":16},"end":{"line":41,"column":44}},{"start":{"line":41,"column":48},"end":{"line":41,"column":53}}]},"5":{"line":45,"type":"if","locations":[{"start":{"line":45,"column":8},"end":{"line":45,"column":8}},{"start":{"line":45,"column":8},"end":{"line":45,"column":8}}]}},"code":["/* istanbul instrument in package npmtest_msgpack5 */","/*jslint","    bitwise: true,","    browser: true,","    maxerr: 8,","    maxlen: 96,","    node: true,","    nomen: true,","    regexp: true,","    stupid: true","*/","(function () {","    'use strict';","    var local;","","","","    // run shared js-env code - pre-init","    (function () {","        // init local","        local = {};","        // init modeJs","        local.modeJs = (function () {","            try {","                return typeof navigator.userAgent === 'string' &&","                    typeof document.querySelector('body') === 'object' &&","                    typeof XMLHttpRequest.prototype.open === 'function' &&","                    'browser';","            } catch (errorCaughtBrowser) {","                return module.exports &&","                    typeof process.versions.node === 'string' &&","                    typeof require('http').createServer === 'function' &&","                    'node';","            }","        }());","        // init global","        local.global = local.modeJs === 'browser'","            ? window","            : global;","        // init utility2_rollup","        local = local.global.utility2_rollup || local;","        // init lib","        local.local = local.npmtest_msgpack5 = local;","        // init exports","        if (local.modeJs === 'browser') {","            local.global.utility2_npmtest_msgpack5 = local;","        } else {","            module.exports = local;","            module.exports.__dirname = __dirname;","            module.exports.module = module;","        }","    }());","}());",""],"l":{"12":2,"14":2,"19":2,"21":2,"23":2,"24":2,"25":2,"30":1,"37":2,"41":2,"43":2,"45":2,"46":1,"48":1,"49":1,"50":1}},"/home/travis/build/npmtest/node-npmtest-msgpack5/example.js":{"path":"/home/travis/build/npmtest/node-npmtest-msgpack5/example.js","s":{"1":2,"2":2,"3":2,"4":2,"5":2,"6":2,"7":2,"8":1,"9":2,"10":2,"11":2,"12":2,"13":1,"14":2,"15":2,"16":2,"17":2,"18":2,"19":0,"20":2,"21":1,"22":1,"23":1,"24":1,"25":1,"26":0,"27":0,"28":1,"29":1,"30":2,"31":0,"32":0,"33":0,"34":1,"35":2,"36":2,"37":3,"38":3,"39":3,"40":3,"41":0,"42":3,"43":3,"44":3,"45":1,"46":3,"47":1,"48":1,"49":1,"50":1,"51":1,"52":1,"53":1,"54":1,"55":1,"56":1,"57":0,"58":1,"59":6,"60":6,"61":1,"62":2,"63":0,"64":2,"65":1,"66":1,"67":0,"68":0,"69":0,"70":0,"71":0,"72":0,"73":0,"74":0,"75":0,"76":0,"77":0,"78":0,"79":0,"80":0,"81":0,"82":0,"83":0},"b":{"1":[2,1,1,1],"2":[1,1,1,1],"3":[1,1],"4":[2,2],"5":[1,1],"6":[1,1],"7":[2,0],"8":[2,1,1,1,1,1],"9":[0,2,0],"10":[1,1],"11":[2,1,1],"12":[1,0],"13":[0,2],"14":[2,0,0,0,0,0,0],"15":[0,3],"16":[3,0],"17":[1,1],"18":[0,1],"19":[1,2,0,2],"20":[1,0],"21":[1,1],"22":[0,0],"23":[0,0],"24":[0,0],"25":[0,0],"26":[0,0],"27":[0,0],"28":[0,0]},"f":{"1":2,"2":2,"3":2,"4":2,"5":2,"6":2,"7":3,"8":3,"9":3,"10":1,"11":6,"12":0},"fnMap":{"1":{"name":"(anonymous_1)","line":26,"loc":{"start":{"line":26,"column":1},"end":{"line":26,"column":13}}},"2":{"name":"(anonymous_2)","line":33,"loc":{"start":{"line":33,"column":5},"end":{"line":33,"column":17}}},"3":{"name":"(anonymous_3)","line":37,"loc":{"start":{"line":37,"column":24},"end":{"line":37,"column":36}}},"4":{"name":"(anonymous_4)","line":69,"loc":{"start":{"line":69,"column":31},"end":{"line":69,"column":48}},"skip":true},"5":{"name":"(anonymous_5)","line":78,"loc":{"start":{"line":78,"column":26},"end":{"line":78,"column":45}},"skip":true},"6":{"name":"(anonymous_6)","line":123,"loc":{"start":{"line":123,"column":33},"end":{"line":123,"column":48}},"skip":true},"7":{"name":"(anonymous_7)","line":125,"loc":{"start":{"line":125,"column":27},"end":{"line":125,"column":39}},"skip":true},"8":{"name":"(anonymous_8)","line":133,"loc":{"start":{"line":133,"column":59},"end":{"line":133,"column":74}},"skip":true},"9":{"name":"(anonymous_9)","line":143,"loc":{"start":{"line":143,"column":45},"end":{"line":143,"column":62}},"skip":true},"10":{"name":"(anonymous_10)","line":144,"loc":{"start":{"line":144,"column":73},"end":{"line":144,"column":92}},"skip":true},"11":{"name":"(anonymous_11)","line":272,"loc":{"start":{"line":272,"column":51},"end":{"line":272,"column":77}},"skip":true},"12":{"name":"(anonymous_12)","line":315,"loc":{"start":{"line":315,"column":32},"end":{"line":315,"column":61}},"skip":true}},"statementMap":{"1":{"start":{"line":26,"column":0},"end":{"line":326,"column":5}},"2":{"start":{"line":28,"column":4},"end":{"line":28,"column":14}},"3":{"start":{"line":33,"column":4},"end":{"line":60,"column":9}},"4":{"start":{"line":35,"column":8},"end":{"line":35,"column":19}},"5":{"start":{"line":37,"column":8},"end":{"line":49,"column":13}},"6":{"start":{"line":38,"column":12},"end":{"line":48,"column":13}},"7":{"start":{"line":39,"column":16},"end":{"line":42,"column":30}},"8":{"start":{"line":44,"column":16},"end":{"line":47,"column":27}},"9":{"start":{"line":51,"column":8},"end":{"line":53,"column":21}},"10":{"start":{"line":55,"column":8},"end":{"line":57,"column":45}},"11":{"start":{"line":59,"column":8},"end":{"line":59,"column":35}},"12":{"start":{"line":61,"column":4},"end":{"line":325,"column":5}},"13":{"start":{"line":69,"column":8},"end":{"line":121,"column":10},"skip":true},"14":{"start":{"line":70,"column":12},"end":{"line":88,"column":13},"skip":true},"15":{"start":{"line":76,"column":16},"end":{"line":87,"column":19},"skip":true},"16":{"start":{"line":79,"column":20},"end":{"line":86,"column":21},"skip":true},"17":{"start":{"line":82,"column":24},"end":{"line":82,"column":43},"skip":true},"18":{"start":{"line":83,"column":24},"end":{"line":83,"column":30},"skip":true},"19":{"start":{"line":85,"column":24},"end":{"line":85,"column":49},"skip":true},"20":{"start":{"line":89,"column":12},"end":{"line":107,"column":13},"skip":true},"21":{"start":{"line":92,"column":16},"end":{"line":102,"column":17},"skip":true},"22":{"start":{"line":93,"column":20},"end":{"line":93,"column":86},"skip":true},"23":{"start":{"line":94,"column":20},"end":{"line":95,"column":45},"skip":true},"24":{"start":{"line":96,"column":20},"end":{"line":96,"column":42},"skip":true},"25":{"start":{"line":97,"column":20},"end":{"line":97,"column":48},"skip":true},"26":{"start":{"line":100,"column":20},"end":{"line":100,"column":85},"skip":true},"27":{"start":{"line":101,"column":20},"end":{"line":101,"column":96},"skip":true},"28":{"start":{"line":103,"column":16},"end":{"line":103,"column":22},"skip":true},"29":{"start":{"line":106,"column":16},"end":{"line":106,"column":22},"skip":true},"30":{"start":{"line":108,"column":12},"end":{"line":120,"column":13},"skip":true},"31":{"start":{"line":114,"column":16},"end":{"line":119,"column":17},"skip":true},"32":{"start":{"line":116,"column":20},"end":{"line":116,"column":78},"skip":true},"33":{"start":{"line":118,"column":20},"end":{"line":118,"column":47},"skip":true},"34":{"start":{"line":123,"column":8},"end":{"line":141,"column":11},"skip":true},"35":{"start":{"line":124,"column":12},"end":{"line":124,"column":54},"skip":true},"36":{"start":{"line":125,"column":12},"end":{"line":140,"column":14},"skip":true},"37":{"start":{"line":126,"column":16},"end":{"line":126,"column":28},"skip":true},"38":{"start":{"line":127,"column":16},"end":{"line":127,"column":69},"skip":true},"39":{"start":{"line":128,"column":16},"end":{"line":128,"column":75},"skip":true},"40":{"start":{"line":129,"column":16},"end":{"line":131,"column":17},"skip":true},"41":{"start":{"line":130,"column":20},"end":{"line":130,"column":27},"skip":true},"42":{"start":{"line":133,"column":16},"end":{"line":137,"column":36},"skip":true},"43":{"start":{"line":134,"column":20},"end":{"line":136,"column":55},"skip":true},"44":{"start":{"line":139,"column":16},"end":{"line":139,"column":57},"skip":true},"45":{"start":{"line":143,"column":8},"end":{"line":147,"column":11},"skip":true},"46":{"start":{"line":144,"column":12},"end":{"line":146,"column":15},"skip":true},"47":{"start":{"line":145,"column":16},"end":{"line":145,"column":70},"skip":true},"48":{"start":{"line":149,"column":8},"end":{"line":149,"column":31},"skip":true},"49":{"start":{"line":150,"column":8},"end":{"line":150,"column":14},"skip":true},"50":{"start":{"line":158,"column":8},"end":{"line":158,"column":31},"skip":true},"51":{"start":{"line":160,"column":8},"end":{"line":160,"column":33},"skip":true},"52":{"start":{"line":161,"column":8},"end":{"line":161,"column":37},"skip":true},"53":{"start":{"line":162,"column":8},"end":{"line":162,"column":35},"skip":true},"54":{"start":{"line":164,"column":8},"end":{"line":164,"column":50},"skip":true},"55":{"start":{"line":166,"column":8},"end":{"line":256,"column":2},"skip":true},"56":{"start":{"line":258,"column":8},"end":{"line":286,"column":9},"skip":true},"57":{"start":{"line":259,"column":12},"end":{"line":269,"column":14},"skip":true},"58":{"start":{"line":271,"column":12},"end":{"line":285,"column":19},"skip":true},"59":{"start":{"line":274,"column":20},"end":{"line":274,"column":35},"skip":true},"60":{"start":{"line":275,"column":20},"end":{"line":284,"column":21},"skip":true},"61":{"start":{"line":277,"column":24},"end":{"line":277,"column":64},"skip":true},"62":{"start":{"line":279,"column":24},"end":{"line":279,"column":40},"skip":true},"63":{"start":{"line":281,"column":24},"end":{"line":281,"column":40},"skip":true},"64":{"start":{"line":283,"column":24},"end":{"line":283,"column":39},"skip":true},"65":{"start":{"line":288,"column":8},"end":{"line":290,"column":9},"skip":true},"66":{"start":{"line":289,"column":12},"end":{"line":289,"column":18},"skip":true},"67":{"start":{"line":291,"column":8},"end":{"line":293,"column":54},"skip":true},"68":{"start":{"line":296,"column":8},"end":{"line":301,"column":37},"skip":true},"69":{"start":{"line":303,"column":8},"end":{"line":303,"column":82},"skip":true},"70":{"start":{"line":306,"column":8},"end":{"line":308,"column":9},"skip":true},"71":{"start":{"line":307,"column":12},"end":{"line":307,"column":82},"skip":true},"72":{"start":{"line":310,"column":8},"end":{"line":312,"column":9},"skip":true},"73":{"start":{"line":311,"column":12},"end":{"line":311,"column":18},"skip":true},"74":{"start":{"line":313,"column":8},"end":{"line":313,"column":54},"skip":true},"75":{"start":{"line":314,"column":8},"end":{"line":314,"column":69},"skip":true},"76":{"start":{"line":315,"column":8},"end":{"line":323,"column":36},"skip":true},"77":{"start":{"line":316,"column":12},"end":{"line":316,"column":61},"skip":true},"78":{"start":{"line":317,"column":12},"end":{"line":320,"column":13},"skip":true},"79":{"start":{"line":318,"column":16},"end":{"line":318,"column":75},"skip":true},"80":{"start":{"line":319,"column":16},"end":{"line":319,"column":23},"skip":true},"81":{"start":{"line":321,"column":12},"end":{"line":321,"column":38},"skip":true},"82":{"start":{"line":322,"column":12},"end":{"line":322,"column":27},"skip":true},"83":{"start":{"line":324,"column":8},"end":{"line":324,"column":14},"skip":true}},"branchMap":{"1":{"line":39,"type":"binary-expr","locations":[{"start":{"line":39,"column":23},"end":{"line":39,"column":62}},{"start":{"line":40,"column":20},"end":{"line":40,"column":70}},{"start":{"line":41,"column":20},"end":{"line":41,"column":71}},{"start":{"line":42,"column":20},"end":{"line":42,"column":29}}]},"2":{"line":44,"type":"binary-expr","locations":[{"start":{"line":44,"column":23},"end":{"line":44,"column":37}},{"start":{"line":45,"column":20},"end":{"line":45,"column":61}},{"start":{"line":46,"column":20},"end":{"line":46,"column":70}},{"start":{"line":47,"column":20},"end":{"line":47,"column":26}}]},"3":{"line":51,"type":"cond-expr","locations":[{"start":{"line":52,"column":14},"end":{"line":52,"column":20}},{"start":{"line":53,"column":14},"end":{"line":53,"column":20}}]},"4":{"line":55,"type":"binary-expr","locations":[{"start":{"line":55,"column":16},"end":{"line":55,"column":44}},{"start":{"line":55,"column":49},"end":{"line":57,"column":43}}]},"5":{"line":55,"type":"cond-expr","locations":[{"start":{"line":56,"column":14},"end":{"line":56,"column":52}},{"start":{"line":57,"column":14},"end":{"line":57,"column":43}}]},"6":{"line":61,"type":"switch","locations":[{"start":{"line":68,"column":4},"end":{"line":150,"column":14},"skip":true},{"start":{"line":156,"column":4},"end":{"line":324,"column":14},"skip":true}]},"7":{"line":70,"type":"if","locations":[{"start":{"line":70,"column":12},"end":{"line":70,"column":12},"skip":true},{"start":{"line":70,"column":12},"end":{"line":70,"column":12},"skip":true}]},"8":{"line":70,"type":"binary-expr","locations":[{"start":{"line":70,"column":16},"end":{"line":70,"column":22},"skip":true},{"start":{"line":70,"column":27},"end":{"line":70,"column":32},"skip":true},{"start":{"line":71,"column":20},"end":{"line":71,"column":39},"skip":true},{"start":{"line":72,"column":20},"end":{"line":72,"column":49},"skip":true},{"start":{"line":73,"column":20},"end":{"line":73,"column":58},"skip":true},{"start":{"line":74,"column":20},"end":{"line":74,"column":69},"skip":true}]},"9":{"line":79,"type":"switch","locations":[{"start":{"line":80,"column":20},"end":{"line":80,"column":33},"skip":true},{"start":{"line":81,"column":20},"end":{"line":83,"column":30},"skip":true},{"start":{"line":84,"column":20},"end":{"line":85,"column":49},"skip":true}]},"10":{"line":89,"type":"switch","locations":[{"start":{"line":90,"column":12},"end":{"line":103,"column":22},"skip":true},{"start":{"line":105,"column":12},"end":{"line":106,"column":22},"skip":true}]},"11":{"line":89,"type":"binary-expr","locations":[{"start":{"line":89,"column":20},"end":{"line":89,"column":25},"skip":true},{"start":{"line":89,"column":29},"end":{"line":89,"column":48},"skip":true},{"start":{"line":89,"column":52},"end":{"line":89,"column":74},"skip":true}]},"12":{"line":92,"type":"if","locations":[{"start":{"line":92,"column":16},"end":{"line":92,"column":16},"skip":true},{"start":{"line":92,"column":16},"end":{"line":92,"column":16},"skip":true}]},"13":{"line":108,"type":"if","locations":[{"start":{"line":108,"column":12},"end":{"line":108,"column":12},"skip":true},{"start":{"line":108,"column":12},"end":{"line":108,"column":12},"skip":true}]},"14":{"line":108,"type":"binary-expr","locations":[{"start":{"line":108,"column":16},"end":{"line":108,"column":61},"skip":true},{"start":{"line":108,"column":66},"end":{"line":108,"column":72},"skip":true},{"start":{"line":108,"column":77},"end":{"line":108,"column":82},"skip":true},{"start":{"line":109,"column":20},"end":{"line":109,"column":39},"skip":true},{"start":{"line":110,"column":20},"end":{"line":110,"column":49},"skip":true},{"start":{"line":111,"column":20},"end":{"line":111,"column":58},"skip":true},{"start":{"line":112,"column":20},"end":{"line":112,"column":68},"skip":true}]},"15":{"line":129,"type":"if","locations":[{"start":{"line":129,"column":16},"end":{"line":129,"column":16},"skip":true},{"start":{"line":129,"column":16},"end":{"line":129,"column":16},"skip":true}]},"16":{"line":134,"type":"cond-expr","locations":[{"start":{"line":135,"column":26},"end":{"line":135,"column":29},"skip":true},{"start":{"line":136,"column":26},"end":{"line":136,"column":54},"skip":true}]},"17":{"line":164,"type":"binary-expr","locations":[{"start":{"line":164,"column":27},"end":{"line":164,"column":43},"skip":true},{"start":{"line":164,"column":47},"end":{"line":164,"column":49},"skip":true}]},"18":{"line":258,"type":"if","locations":[{"start":{"line":258,"column":8},"end":{"line":258,"column":8},"skip":true},{"start":{"line":258,"column":8},"end":{"line":258,"column":8},"skip":true}]},"19":{"line":275,"type":"switch","locations":[{"start":{"line":276,"column":20},"end":{"line":277,"column":64},"skip":true},{"start":{"line":278,"column":20},"end":{"line":279,"column":40},"skip":true},{"start":{"line":280,"column":20},"end":{"line":281,"column":40},"skip":true},{"start":{"line":282,"column":20},"end":{"line":283,"column":39},"skip":true}]},"20":{"line":288,"type":"if","locations":[{"start":{"line":288,"column":8},"end":{"line":288,"column":8},"skip":true},{"start":{"line":288,"column":8},"end":{"line":288,"column":8},"skip":true}]},"21":{"line":288,"type":"binary-expr","locations":[{"start":{"line":288,"column":12},"end":{"line":288,"column":40},"skip":true},{"start":{"line":288,"column":44},"end":{"line":288,"column":67},"skip":true}]},"22":{"line":292,"type":"binary-expr","locations":[{"start":{"line":292,"column":12},"end":{"line":292,"column":50},"skip":true},{"start":{"line":293,"column":12},"end":{"line":293,"column":53},"skip":true}]},"23":{"line":297,"type":"binary-expr","locations":[{"start":{"line":297,"column":12},"end":{"line":297,"column":66},"skip":true},{"start":{"line":298,"column":12},"end":{"line":301,"column":36},"skip":true}]},"24":{"line":303,"type":"binary-expr","locations":[{"start":{"line":303,"column":43},"end":{"line":303,"column":75},"skip":true},{"start":{"line":303,"column":79},"end":{"line":303,"column":81},"skip":true}]},"25":{"line":306,"type":"if","locations":[{"start":{"line":306,"column":8},"end":{"line":306,"column":8},"skip":true},{"start":{"line":306,"column":8},"end":{"line":306,"column":8},"skip":true}]},"26":{"line":310,"type":"if","locations":[{"start":{"line":310,"column":8},"end":{"line":310,"column":8},"skip":true},{"start":{"line":310,"column":8},"end":{"line":310,"column":8},"skip":true}]},"27":{"line":313,"type":"binary-expr","locations":[{"start":{"line":313,"column":27},"end":{"line":313,"column":43},"skip":true},{"start":{"line":313,"column":47},"end":{"line":313,"column":53},"skip":true}]},"28":{"line":317,"type":"if","locations":[{"start":{"line":317,"column":12},"end":{"line":317,"column":12},"skip":true},{"start":{"line":317,"column":12},"end":{"line":317,"column":12},"skip":true}]}},"code":["/*","example.js","","quickstart example","","instruction","    1. save this script as example.js","    2. run the shell command:","        $ npm install npmtest-msgpack5 && PORT=8081 node example.js","    3. play with the browser-demo on http://127.0.0.1:8081","*/","","","","/* istanbul instrument in package npmtest_msgpack5 */","/*jslint","    bitwise: true,","    browser: true,","    maxerr: 8,","    maxlen: 96,","    node: true,","    nomen: true,","    regexp: true,","    stupid: true","*/","(function () {","    'use strict';","    var local;","","","","    // run shared js-env code - pre-init","    (function () {","        // init local","        local = {};","        // init modeJs","        local.modeJs = (function () {","            try {","                return typeof navigator.userAgent === 'string' &&","                    typeof document.querySelector('body') === 'object' &&","                    typeof XMLHttpRequest.prototype.open === 'function' &&","                    'browser';","            } catch (errorCaughtBrowser) {","                return module.exports &&","                    typeof process.versions.node === 'string' &&","                    typeof require('http').createServer === 'function' &&","                    'node';","            }","        }());","        // init global","        local.global = local.modeJs === 'browser'","            ? window","            : global;","        // init utility2_rollup","        local = local.global.utility2_rollup || (local.modeJs === 'browser'","            ? local.global.utility2_npmtest_msgpack5","            : global.utility2_moduleExports);","        // export local","        local.global.local = local;","    }());","    switch (local.modeJs) {","","","","    // post-init","    // run browser js-env code - post-init","    /* istanbul ignore next */","    case 'browser':","        local.testRunBrowser = function (event) {","            if (!event || (event &&","                    event.currentTarget &&","                    event.currentTarget.className &&","                    event.currentTarget.className.includes &&","                    event.currentTarget.className.includes('onreset'))) {","                // reset output","                Array.from(","                    document.querySelectorAll('body > .resettable')","                ).forEach(function (element) {","                    switch (element.tagName) {","                    case 'INPUT':","                    case 'TEXTAREA':","                        element.value = '';","                        break;","                    default:","                        element.textContent = '';","                    }","                });","            }","            switch (event && event.currentTarget && event.currentTarget.id) {","            case 'testRunButton1':","                // show tests","                if (document.querySelector('#testReportDiv1').style.display === 'none') {","                    document.querySelector('#testReportDiv1').style.display = 'block';","                    document.querySelector('#testRunButton1').textContent =","                        'hide internal test';","                    local.modeTest = true;","                    local.testRunDefault(local);","                // hide tests","                } else {","                    document.querySelector('#testReportDiv1').style.display = 'none';","                    document.querySelector('#testRunButton1').textContent = 'run internal test';","                }","                break;","            // custom-case","            default:","                break;","            }","            if (document.querySelector('#inputTextareaEval1') && (!event || (event &&","                    event.currentTarget &&","                    event.currentTarget.className &&","                    event.currentTarget.className.includes &&","                    event.currentTarget.className.includes('oneval')))) {","                // try to eval input-code","                try {","                    /*jslint evil: true*/","                    eval(document.querySelector('#inputTextareaEval1').value);","                } catch (errorCaught) {","                    console.error(errorCaught);","                }","            }","        };","        // log stderr and stdout to #outputTextareaStdout1","        ['error', 'log'].forEach(function (key) {","            console[key + '_original'] = console[key];","            console[key] = function () {","                var element;","                console[key + '_original'].apply(console, arguments);","                element = document.querySelector('#outputTextareaStdout1');","                if (!element) {","                    return;","                }","                // append text to #outputTextareaStdout1","                element.value += Array.from(arguments).map(function (arg) {","                    return typeof arg === 'string'","                        ? arg","                        : JSON.stringify(arg, null, 4);","                }).join(' ') + '\\n';","                // scroll textarea to bottom","                element.scrollTop = element.scrollHeight;","            };","        });","        // init event-handling","        ['change', 'click', 'keyup'].forEach(function (event) {","            Array.from(document.querySelectorAll('.on' + event)).forEach(function (element) {","                element.addEventListener(event, local.testRunBrowser);","            });","        });","        // run tests","        local.testRunBrowser();","        break;","","","","    // run node js-env code - post-init","    /* istanbul ignore next */","    case 'node':","        // export local","        module.exports = local;","        // require modules","        local.fs = require('fs');","        local.http = require('http');","        local.url = require('url');","        // init assets","        local.assetsDict = local.assetsDict || {};","        /* jslint-ignore-begin */","        local.assetsDict['/assets.index.template.html'] = '\\","<!doctype html>\\n\\","<html lang=\"en\">\\n\\","<head>\\n\\","<meta charset=\"UTF-8\">\\n\\","<meta name=\"viewport\" content=\"width=device-width, initial-scale=1\">\\n\\","<title>{{env.npm_package_name}} (v{{env.npm_package_version}})</title>\\n\\","<style>\\n\\","/*csslint\\n\\","    box-sizing: false,\\n\\","    universal-selector: false\\n\\","*/\\n\\","* {\\n\\","    box-sizing: border-box;\\n\\","}\\n\\","body {\\n\\","    background: #dde;\\n\\","    font-family: Arial, Helvetica, sans-serif;\\n\\","    margin: 2rem;\\n\\","}\\n\\","body > * {\\n\\","    margin-bottom: 1rem;\\n\\","}\\n\\",".utility2FooterDiv {\\n\\","    margin-top: 20px;\\n\\","    text-align: center;\\n\\","}\\n\\","</style>\\n\\","<style>\\n\\","/*csslint\\n\\","*/\\n\\","textarea {\\n\\","    font-family: monospace;\\n\\","    height: 10rem;\\n\\","    width: 100%;\\n\\","}\\n\\","textarea[readonly] {\\n\\","    background: #ddd;\\n\\","}\\n\\","</style>\\n\\","</head>\\n\\","<body>\\n\\","<!-- utility2-comment\\n\\","<div id=\"ajaxProgressDiv1\" style=\"background: #d00; height: 2px; left: 0; margin: 0; padding: 0; position: fixed; top: 0; transition: background 0.5s, width 1.5s; width: 25%;\"></div>\\n\\","utility2-comment -->\\n\\","<h1>\\n\\","<!-- utility2-comment\\n\\","    <a\\n\\","        {{#if env.npm_package_homepage}}\\n\\","        href=\"{{env.npm_package_homepage}}\"\\n\\","        {{/if env.npm_package_homepage}}\\n\\","        target=\"_blank\"\\n\\","    >\\n\\","utility2-comment -->\\n\\","        {{env.npm_package_name}} (v{{env.npm_package_version}})\\n\\","<!-- utility2-comment\\n\\","    </a>\\n\\","utility2-comment -->\\n\\","</h1>\\n\\","<h3>{{env.npm_package_description}}</h3>\\n\\","<!-- utility2-comment\\n\\","<h4><a download href=\"assets.app.js\">download standalone app</a></h4>\\n\\","<button class=\"onclick onreset\" id=\"testRunButton1\">run internal test</button><br>\\n\\","<div id=\"testReportDiv1\" style=\"display: none;\"></div>\\n\\","utility2-comment -->\\n\\","\\n\\","\\n\\","\\n\\","<label>stderr and stdout</label>\\n\\","<textarea class=\"resettable\" id=\"outputTextareaStdout1\" readonly></textarea>\\n\\","<!-- utility2-comment\\n\\","{{#if isRollup}}\\n\\","<script src=\"assets.app.js\"></script>\\n\\","{{#unless isRollup}}\\n\\","utility2-comment -->\\n\\","<script src=\"assets.utility2.rollup.js\"></script>\\n\\","<script src=\"jsonp.utility2._stateInit?callback=window.utility2._stateInit\"></script>\\n\\","<script src=\"assets.npmtest_msgpack5.rollup.js\"></script>\\n\\","<script src=\"assets.example.js\"></script>\\n\\","<script src=\"assets.test.js\"></script>\\n\\","<!-- utility2-comment\\n\\","{{/if isRollup}}\\n\\","utility2-comment -->\\n\\","<div class=\"utility2FooterDiv\">\\n\\","    [ this app was created with\\n\\","    <a href=\"https://github.com/kaizhu256/node-utility2\" target=\"_blank\">utility2</a>\\n\\","    ]\\n\\","</div>\\n\\","</body>\\n\\","</html>\\n\\","';","        /* jslint-ignore-end */","        if (local.templateRender) {","            local.assetsDict['/'] = local.templateRender(","                local.assetsDict['/assets.index.template.html'],","                {","                    env: local.objectSetDefault(local.env, {","                        npm_package_description: 'the greatest app in the world!',","                        npm_package_name: 'my-app',","                        npm_package_nameAlias: 'my_app',","                        npm_package_version: '0.0.1'","                    })","                }","            );","        } else {","            local.assetsDict['/'] = local.assetsDict['/assets.index.template.html']","                .replace((/\\{\\{env\\.(\\w+?)\\}\\}/g), function (match0, match1) {","                    // jslint-hack","                    String(match0);","                    switch (match1) {","                    case 'npm_package_description':","                        return 'the greatest app in the world!';","                    case 'npm_package_name':","                        return 'my-app';","                    case 'npm_package_nameAlias':","                        return 'my_app';","                    case 'npm_package_version':","                        return '0.0.1';","                    }","                });","        }","        // run the cli","        if (local.global.utility2_rollup || module !== require.main) {","            break;","        }","        local.assetsDict['/assets.example.js'] =","            local.assetsDict['/assets.example.js'] ||","            local.fs.readFileSync(__filename, 'utf8');","        // bug-workaround - long $npm_package_buildCustomOrg","        /* jslint-ignore-begin */","        local.assetsDict['/assets.npmtest_msgpack5.rollup.js'] =","            local.assetsDict['/assets.npmtest_msgpack5.rollup.js'] ||","            local.fs.readFileSync(","                local.npmtest_msgpack5.__dirname + '/lib.npmtest_msgpack5.js',","                'utf8'","            ).replace((/^#!/), '//');","        /* jslint-ignore-end */","        local.assetsDict['/favicon.ico'] = local.assetsDict['/favicon.ico'] || '';","        // if $npm_config_timeout_exit exists,","        // then exit this process after $npm_config_timeout_exit ms","        if (Number(process.env.npm_config_timeout_exit)) {","            setTimeout(process.exit, Number(process.env.npm_config_timeout_exit));","        }","        // start server","        if (local.global.utility2_serverHttp1) {","            break;","        }","        process.env.PORT = process.env.PORT || '8081';","        console.error('server starting on port ' + process.env.PORT);","        local.http.createServer(function (request, response) {","            request.urlParsed = local.url.parse(request.url);","            if (local.assetsDict[request.urlParsed.pathname] !== undefined) {","                response.end(local.assetsDict[request.urlParsed.pathname]);","                return;","            }","            response.statusCode = 404;","            response.end();","        }).listen(process.env.PORT);","        break;","    }","}());",""],"l":{"26":2,"28":2,"33":2,"35":2,"37":2,"38":2,"39":2,"44":1,"51":2,"55":2,"59":2,"61":2,"69":1,"70":2,"76":2,"79":2,"82":2,"83":2,"85":1,"89":2,"92":1,"93":1,"94":1,"96":1,"97":1,"100":1,"101":1,"103":1,"106":1,"108":2,"114":1,"116":1,"118":1,"123":1,"124":2,"125":2,"126":3,"127":3,"128":3,"129":3,"130":1,"133":3,"134":3,"139":3,"143":1,"144":3,"145":1,"149":1,"150":1,"158":1,"160":1,"161":1,"162":1,"164":1,"166":1,"258":1,"259":1,"271":1,"274":6,"275":6,"277":1,"279":2,"281":1,"283":2,"288":1,"289":1,"291":1,"296":1,"303":1,"306":1,"307":1,"310":1,"311":1,"313":1,"314":1,"315":1,"316":1,"317":1,"318":1,"319":1,"321":1,"322":1,"324":1}},"/home/travis/build/npmtest/node-npmtest-msgpack5/node_modules/msgpack5/index.js":{"path":"/home/travis/build/npmtest/node-npmtest-msgpack5/node_modules/msgpack5/index.js","s":{"1":1,"2":1,"3":1,"4":1,"5":1,"6":1,"7":2,"8":2,"9":2,"10":1,"11":0,"12":0,"13":0,"14":0,"15":1,"16":0,"17":0,"18":0,"19":0,"20":1,"21":0,"22":0,"23":0,"24":0,"25":1,"26":0,"27":1,"28":0,"29":0,"30":0,"31":0,"32":0,"33":0,"34":0,"35":0,"36":0,"37":2,"38":1},"b":{"1":[2,2]},"f":{"1":2,"2":0,"3":0,"4":0,"5":0,"6":0},"fnMap":{"1":{"name":"msgpack","line":7,"loc":{"start":{"line":7,"column":0},"end":{"line":7,"column":27}}},"2":{"name":"registerEncoder","line":16,"loc":{"start":{"line":16,"column":2},"end":{"line":16,"column":43}}},"3":{"name":"registerDecoder","line":27,"loc":{"start":{"line":27,"column":2},"end":{"line":27,"column":42}}},"4":{"name":"register","line":38,"loc":{"start":{"line":38,"column":2},"end":{"line":38,"column":56}}},"5":{"name":"check","line":44,"loc":{"start":{"line":44,"column":4},"end":{"line":44,"column":25}}},"6":{"name":"reEncode","line":48,"loc":{"start":{"line":48,"column":4},"end":{"line":48,"column":28}}}},"statementMap":{"1":{"start":{"line":1,"column":0},"end":{"line":1,"column":30}},"2":{"start":{"line":2,"column":0},"end":{"line":2,"column":22}},"3":{"start":{"line":3,"column":0},"end":{"line":3,"column":38}},"4":{"start":{"line":4,"column":0},"end":{"line":4,"column":42}},"5":{"start":{"line":5,"column":0},"end":{"line":5,"column":42}},"6":{"start":{"line":7,"column":0},"end":{"line":79,"column":1}},"7":{"start":{"line":8,"column":2},"end":{"line":8,"column":24}},"8":{"start":{"line":9,"column":2},"end":{"line":9,"column":24}},"9":{"start":{"line":11,"column":2},"end":{"line":14,"column":3}},"10":{"start":{"line":16,"column":2},"end":{"line":25,"column":3}},"11":{"start":{"line":17,"column":4},"end":{"line":17,"column":49}},"12":{"start":{"line":18,"column":4},"end":{"line":18,"column":50}},"13":{"start":{"line":20,"column":4},"end":{"line":22,"column":6}},"14":{"start":{"line":24,"column":4},"end":{"line":24,"column":15}},"15":{"start":{"line":27,"column":2},"end":{"line":36,"column":3}},"16":{"start":{"line":28,"column":4},"end":{"line":28,"column":54}},"17":{"start":{"line":29,"column":4},"end":{"line":29,"column":49}},"18":{"start":{"line":31,"column":4},"end":{"line":33,"column":6}},"19":{"start":{"line":35,"column":4},"end":{"line":35,"column":15}},"20":{"start":{"line":38,"column":2},"end":{"line":64,"column":3}},"21":{"start":{"line":39,"column":4},"end":{"line":39,"column":50}},"22":{"start":{"line":40,"column":4},"end":{"line":40,"column":50}},"23":{"start":{"line":41,"column":4},"end":{"line":41,"column":54}},"24":{"start":{"line":42,"column":4},"end":{"line":42,"column":49}},"25":{"start":{"line":44,"column":4},"end":{"line":46,"column":5}},"26":{"start":{"line":45,"column":6},"end":{"line":45,"column":41}},"27":{"start":{"line":48,"column":4},"end":{"line":58,"column":5}},"28":{"start":{"line":49,"column":6},"end":{"line":49,"column":20}},"29":{"start":{"line":50,"column":6},"end":{"line":50,"column":32}},"30":{"start":{"line":52,"column":6},"end":{"line":52,"column":31}},"31":{"start":{"line":54,"column":6},"end":{"line":54,"column":24}},"32":{"start":{"line":55,"column":6},"end":{"line":55,"column":29}},"33":{"start":{"line":57,"column":6},"end":{"line":57,"column":16}},"34":{"start":{"line":60,"column":4},"end":{"line":60,"column":41}},"35":{"start":{"line":61,"column":4},"end":{"line":61,"column":38}},"36":{"start":{"line":63,"column":4},"end":{"line":63,"column":15}},"37":{"start":{"line":66,"column":2},"end":{"line":78,"column":3}},"38":{"start":{"line":81,"column":0},"end":{"line":81,"column":24}}},"branchMap":{"1":{"line":11,"type":"binary-expr","locations":[{"start":{"line":11,"column":12},"end":{"line":11,"column":19}},{"start":{"line":11,"column":23},"end":{"line":14,"column":3}}]}},"code":["var assert = require('assert')","var bl = require('bl')","var streams = require('./lib/streams')","var buildDecode = require('./lib/decoder')","var buildEncode = require('./lib/encoder')","","function msgpack (options) {","  var encodingTypes = []","  var decodingTypes = []","","  options = options || {","    forceFloat64: false,","    compatibilityMode: false","  }","","  function registerEncoder (check, encode) {","    assert(check, 'must have an encode function')","    assert(encode, 'must have an encode function')","","    encodingTypes.push({","      check: check, encode: encode","    })","","    return this","  }","","  function registerDecoder (type, decode) {","    assert(type >= 0, 'must have a non-negative type')","    assert(decode, 'must have a decode function')","","    decodingTypes.push({","      type: type, decode: decode","    })","","    return this","  }","","  function register (type, constructor, encode, decode) {","    assert(constructor, 'must have a constructor')","    assert(encode, 'must have an encode function')","    assert(type >= 0, 'must have a non-negative type')","    assert(decode, 'must have a decode function')","","    function check (obj) {","      return (obj instanceof constructor)","    }","","    function reEncode (obj) {","      var buf = bl()","      var header = new Buffer(1)","","      header.writeInt8(type, 0)","","      buf.append(header)","      buf.append(encode(obj))","","      return buf","    }","","    this.registerEncoder(check, reEncode)","    this.registerDecoder(type, decode)","","    return this","  }","","  return {","    encode: buildEncode(encodingTypes, options.forceFloat64, options.compatibilityMode),","    decode: buildDecode(decodingTypes),","    register: register,","    registerEncoder: registerEncoder,","    registerDecoder: registerDecoder,","    encoder: streams.encoder,","    decoder: streams.decoder,","    // needed for levelup support","    buffer: true,","    type: 'msgpack5',","    IncompleteBufferError: buildDecode.IncompleteBufferError","  }","}","","module.exports = msgpack",""],"l":{"1":1,"2":1,"3":1,"4":1,"5":1,"7":1,"8":2,"9":2,"11":2,"16":1,"17":0,"18":0,"20":0,"24":0,"27":1,"28":0,"29":0,"31":0,"35":0,"38":1,"39":0,"40":0,"41":0,"42":0,"44":1,"45":0,"48":1,"49":0,"50":0,"52":0,"54":0,"55":0,"57":0,"60":0,"61":0,"63":0,"66":2,"81":1}},"/home/travis/build/npmtest/node-npmtest-msgpack5/node_modules/msgpack5/lib/streams.js":{"path":"/home/travis/build/npmtest/node-npmtest-msgpack5/node_modules/msgpack5/lib/streams.js","s":{"1":1,"2":1,"3":1,"4":1,"5":0,"6":0,"7":0,"8":0,"9":0,"10":1,"11":1,"12":0,"13":0,"14":0,"15":0,"16":0,"17":1,"18":1,"19":0,"20":0,"21":0,"22":0,"23":0,"24":0,"25":0,"26":1,"27":0,"28":0,"29":0,"30":0,"31":0,"32":0,"33":1,"34":1,"35":0,"36":0,"37":0,"38":0,"39":0,"40":0,"41":0,"42":0,"43":0,"44":0,"45":0,"46":0,"47":1,"48":1},"b":{"1":[0,0],"2":[0,0],"3":[0,0],"4":[0,0],"5":[0,0],"6":[0,0],"7":[0,0],"8":[0,0]},"f":{"1":0,"2":0,"3":0,"4":0,"5":0},"fnMap":{"1":{"name":"Base","line":5,"loc":{"start":{"line":5,"column":0},"end":{"line":5,"column":21}}},"2":{"name":"Encoder","line":18,"loc":{"start":{"line":18,"column":0},"end":{"line":18,"column":24}}},"3":{"name":"(anonymous_3)","line":30,"loc":{"start":{"line":30,"column":31},"end":{"line":30,"column":57}}},"4":{"name":"Decoder","line":44,"loc":{"start":{"line":44,"column":0},"end":{"line":44,"column":24}}},"5":{"name":"(anonymous_5)","line":58,"loc":{"start":{"line":58,"column":31},"end":{"line":58,"column":57}}}},"statementMap":{"1":{"start":{"line":1,"column":0},"end":{"line":1,"column":52}},"2":{"start":{"line":2,"column":0},"end":{"line":2,"column":34}},"3":{"start":{"line":3,"column":0},"end":{"line":3,"column":22}},"4":{"start":{"line":5,"column":0},"end":{"line":14,"column":1}},"5":{"start":{"line":6,"column":2},"end":{"line":6,"column":19}},"6":{"start":{"line":8,"column":2},"end":{"line":8,"column":24}},"7":{"start":{"line":9,"column":2},"end":{"line":9,"column":25}},"8":{"start":{"line":11,"column":2},"end":{"line":11,"column":28}},"9":{"start":{"line":13,"column":2},"end":{"line":13,"column":30}},"10":{"start":{"line":16,"column":0},"end":{"line":16,"column":25}},"11":{"start":{"line":18,"column":0},"end":{"line":26,"column":1}},"12":{"start":{"line":19,"column":2},"end":{"line":23,"column":3}},"13":{"start":{"line":20,"column":4},"end":{"line":20,"column":21}},"14":{"start":{"line":21,"column":4},"end":{"line":21,"column":23}},"15":{"start":{"line":22,"column":4},"end":{"line":22,"column":28}},"16":{"start":{"line":25,"column":2},"end":{"line":25,"column":23}},"17":{"start":{"line":28,"column":0},"end":{"line":28,"column":23}},"18":{"start":{"line":30,"column":0},"end":{"line":42,"column":1}},"19":{"start":{"line":31,"column":2},"end":{"line":31,"column":16}},"20":{"start":{"line":33,"column":2},"end":{"line":38,"column":3}},"21":{"start":{"line":34,"column":4},"end":{"line":34,"column":44}},"22":{"start":{"line":36,"column":4},"end":{"line":36,"column":27}},"23":{"start":{"line":37,"column":4},"end":{"line":37,"column":17}},"24":{"start":{"line":40,"column":2},"end":{"line":40,"column":16}},"25":{"start":{"line":41,"column":2},"end":{"line":41,"column":8}},"26":{"start":{"line":44,"column":0},"end":{"line":54,"column":1}},"27":{"start":{"line":45,"column":2},"end":{"line":49,"column":3}},"28":{"start":{"line":46,"column":4},"end":{"line":46,"column":21}},"29":{"start":{"line":47,"column":4},"end":{"line":47,"column":23}},"30":{"start":{"line":48,"column":4},"end":{"line":48,"column":28}},"31":{"start":{"line":51,"column":2},"end":{"line":51,"column":23}},"32":{"start":{"line":53,"column":2},"end":{"line":53,"column":21}},"33":{"start":{"line":56,"column":0},"end":{"line":56,"column":23}},"34":{"start":{"line":58,"column":0},"end":{"line":80,"column":1}},"35":{"start":{"line":59,"column":2},"end":{"line":61,"column":3}},"36":{"start":{"line":60,"column":4},"end":{"line":60,"column":28}},"37":{"start":{"line":63,"column":2},"end":{"line":73,"column":3}},"38":{"start":{"line":64,"column":4},"end":{"line":64,"column":51}},"39":{"start":{"line":65,"column":4},"end":{"line":65,"column":21}},"40":{"start":{"line":67,"column":4},"end":{"line":71,"column":5}},"41":{"start":{"line":68,"column":6},"end":{"line":68,"column":12}},"42":{"start":{"line":70,"column":6},"end":{"line":70,"column":29}},"43":{"start":{"line":72,"column":4},"end":{"line":72,"column":10}},"44":{"start":{"line":75,"column":2},"end":{"line":79,"column":3}},"45":{"start":{"line":76,"column":4},"end":{"line":76,"column":36}},"46":{"start":{"line":78,"column":4},"end":{"line":78,"column":10}},"47":{"start":{"line":82,"column":0},"end":{"line":82,"column":32}},"48":{"start":{"line":83,"column":0},"end":{"line":83,"column":32}}},"branchMap":{"1":{"line":6,"type":"binary-expr","locations":[{"start":{"line":6,"column":9},"end":{"line":6,"column":13}},{"start":{"line":6,"column":17},"end":{"line":6,"column":19}}]},"2":{"line":19,"type":"if","locations":[{"start":{"line":19,"column":2},"end":{"line":19,"column":2}},{"start":{"line":19,"column":2},"end":{"line":19,"column":2}}]},"3":{"line":20,"type":"binary-expr","locations":[{"start":{"line":20,"column":11},"end":{"line":20,"column":15}},{"start":{"line":20,"column":19},"end":{"line":20,"column":21}}]},"4":{"line":45,"type":"if","locations":[{"start":{"line":45,"column":2},"end":{"line":45,"column":2}},{"start":{"line":45,"column":2},"end":{"line":45,"column":2}}]},"5":{"line":46,"type":"binary-expr","locations":[{"start":{"line":46,"column":11},"end":{"line":46,"column":15}},{"start":{"line":46,"column":19},"end":{"line":46,"column":21}}]},"6":{"line":59,"type":"if","locations":[{"start":{"line":59,"column":2},"end":{"line":59,"column":2}},{"start":{"line":59,"column":2},"end":{"line":59,"column":2}}]},"7":{"line":67,"type":"if","locations":[{"start":{"line":67,"column":4},"end":{"line":67,"column":4}},{"start":{"line":67,"column":4},"end":{"line":67,"column":4}}]},"8":{"line":75,"type":"if","locations":[{"start":{"line":75,"column":2},"end":{"line":75,"column":2}},{"start":{"line":75,"column":2},"end":{"line":75,"column":2}}]}},"code":["var Transform = require('readable-stream').Transform","var inherits = require('inherits')","var bl = require('bl')","","function Base (opts) {","  opts = opts || {}","","  opts.objectMode = true","  opts.highWaterMark = 16","","  Transform.call(this, opts)","","  this._msgpack = opts.msgpack","}","","inherits(Base, Transform)","","function Encoder (opts) {","  if (!(this instanceof Encoder)) {","    opts = opts || {}","    opts.msgpack = this","    return new Encoder(opts)","  }","","  Base.call(this, opts)","}","","inherits(Encoder, Base)","","Encoder.prototype._transform = function (obj, enc, done) {","  var buf = null","","  try {","    buf = this._msgpack.encode(obj).slice(0)","  } catch (err) {","    this.emit('error', err)","    return done()","  }","","  this.push(buf)","  done()","}","","function Decoder (opts) {","  if (!(this instanceof Decoder)) {","    opts = opts || {}","    opts.msgpack = this","    return new Decoder(opts)","  }","","  Base.call(this, opts)","","  this._chunks = bl()","}","","inherits(Decoder, Base)","","Decoder.prototype._transform = function (buf, enc, done) {","  if (buf) {","    this._chunks.append(buf)","  }","","  try {","    var result = this._msgpack.decode(this._chunks)","    this.push(result)","  } catch (err) {","    if (err instanceof this._msgpack.IncompleteBufferError) {","      done()","    } else {","      this.emit('error', err)","    }","    return","  }","","  if (this._chunks.length > 0) {","    this._transform(null, enc, done)","  } else {","    done()","  }","}","","module.exports.decoder = Decoder","module.exports.encoder = Encoder",""],"l":{"1":1,"2":1,"3":1,"5":1,"6":0,"8":0,"9":0,"11":0,"13":0,"16":1,"18":1,"19":0,"20":0,"21":0,"22":0,"25":0,"28":1,"30":1,"31":0,"33":0,"34":0,"36":0,"37":0,"40":0,"41":0,"44":1,"45":0,"46":0,"47":0,"48":0,"51":0,"53":0,"56":1,"58":1,"59":0,"60":0,"63":0,"64":0,"65":0,"67":0,"68":0,"70":0,"72":0,"75":0,"76":0,"78":0,"82":1,"83":1}},"/home/travis/build/npmtest/node-npmtest-msgpack5/node_modules/msgpack5/lib/decoder.js":{"path":"/home/travis/build/npmtest/node-npmtest-msgpack5/node_modules/msgpack5/lib/decoder.js","s":{"1":1,"2":1,"3":1,"4":0,"5":0,"6":0,"7":0,"8":0,"9":1,"10":1,"11":2,"12":1,"13":6600000,"14":0,"15":0,"16":0,"17":0,"18":0,"19":0,"20":0,"21":0,"22":0,"23":0,"24":0,"25":0,"26":0,"27":0,"28":0,"29":0,"30":0,"31":0,"32":0,"33":0,"34":0,"35":0,"36":0,"37":0,"38":0,"39":6600000,"40":1,"41":6600000,"42":6600000,"43":0,"44":6600000,"45":1,"46":4400000,"47":1,"48":6600000,"49":1,"50":2200000,"51":200000,"52":2200000,"53":2200000,"54":2200000,"55":2200000,"56":0,"57":1,"58":6600000,"59":6600000,"60":6600000,"61":0,"62":6600000,"63":6600000,"64":6600000,"65":6600000,"66":6600000,"67":6600000,"68":0,"69":6600000,"70":0,"71":0,"72":0,"73":0,"74":0,"75":0,"76":0,"77":0,"78":0,"79":0,"80":0,"81":0,"82":0,"83":0,"84":0,"85":0,"86":0,"87":0,"88":0,"89":0,"90":0,"91":0,"92":0,"93":0,"94":0,"95":0,"96":0,"97":0,"98":0,"99":0,"100":0,"101":0,"102":0,"103":0,"104":0,"105":0,"106":0,"107":0,"108":0,"109":0,"110":0,"111":0,"112":0,"113":0,"114":0,"115":0,"116":0,"117":0,"118":0,"119":0,"120":0,"121":0,"122":0,"123":0,"124":0,"125":0,"126":0,"127":0,"128":0,"129":0,"130":0,"131":0,"132":0,"133":0,"134":0,"135":0,"136":0,"137":0,"138":0,"139":0,"140":0,"141":0,"142":0,"143":0,"144":0,"145":0,"146":0,"147":0,"148":0,"149":0,"150":0,"151":0,"152":0,"153":0,"154":0,"155":6600000,"156":0,"157":0,"158":6600000,"159":2200000,"160":2200000,"161":4400000,"162":4400000,"163":4400000,"164":4400000,"165":4400000,"166":0,"167":0,"168":0,"169":0,"170":0,"171":0,"172":0,"173":1,"174":0,"175":0,"176":0,"177":0,"178":0,"179":0,"180":0,"181":0,"182":0,"183":0,"184":1,"185":0,"186":0,"187":0,"188":0,"189":0,"190":0,"191":0,"192":0,"193":0,"194":0,"195":0,"196":0,"197":1,"198":2200000,"199":2200000,"200":2200000,"201":2200000,"202":2200000,"203":2200000,"204":2200000,"205":2200000,"206":2200000,"207":2200000,"208":2200000,"209":2200000,"210":2200000,"211":2200000,"212":2200000,"213":0,"214":0,"215":2200000,"216":1,"217":0,"218":0,"219":1,"220":0,"221":0,"222":0,"223":0,"224":0,"225":0,"226":0,"227":0,"228":1},"b":{"1":[0,0],"2":[0,0],"3":[0,0,0,0,0,0,0,0,0,0,0,0,0,0,0,0,0,0,0,0,0,0,0,0,0,6600000],"4":[0,6600000],"5":[6600000,0],"6":[200000,2000000],"7":[2200000,0],"8":[2200000,4400000],"9":[0,6600000],"10":[0,6600000],"11":[0,0,0,0,0,0,0,0,0,0,0,0,0,0,0,0,0,0,0,0,0,0,0,0,0,0,0,0,0,0,0],"12":[0,0],"13":[0,0],"14":[0,0],"15":[0,0],"16":[0,0],"17":[0,0],"18":[0,0],"19":[0,0],"20":[0,0],"21":[0,0],"22":[0,0],"23":[0,6600000],"24":[2200000,4400000],"25":[4400000,0],"26":[4400000,0],"27":[0,0],"28":[0,0],"29":[0,0],"30":[0,0],"31":[0,0],"32":[2200000,0],"33":[2200000,0],"34":[0,0]},"f":{"1":0,"2":2,"3":6600000,"4":6600000,"5":4400000,"6":6600000,"7":2200000,"8":6600000,"9":0,"10":0,"11":2200000,"12":0,"13":0},"fnMap":{"1":{"name":"IncompleteBufferError","line":4,"loc":{"start":{"line":4,"column":0},"end":{"line":4,"column":41}}},"2":{"name":"buildDecode","line":15,"loc":{"start":{"line":15,"column":17},"end":{"line":15,"column":54}}},"3":{"name":"getSize","line":18,"loc":{"start":{"line":18,"column":2},"end":{"line":18,"column":27}}},"4":{"name":"hasMinBufferSize","line":75,"loc":{"start":{"line":75,"column":2},"end":{"line":75,"column":44}}},"5":{"name":"isValidDataSize","line":85,"loc":{"start":{"line":85,"column":2},"end":{"line":85,"column":65}}},"6":{"name":"buildDecodeResult","line":89,"loc":{"start":{"line":89,"column":2},"end":{"line":89,"column":52}}},"7":{"name":"decode","line":96,"loc":{"start":{"line":96,"column":2},"end":{"line":96,"column":24}}},"8":{"name":"tryDecode","line":110,"loc":{"start":{"line":110,"column":2},"end":{"line":110,"column":35}}},"9":{"name":"readInt64BE","line":311,"loc":{"start":{"line":311,"column":2},"end":{"line":311,"column":37}}},"10":{"name":"decodeArray","line":328,"loc":{"start":{"line":328,"column":2},"end":{"line":328,"column":59}}},"11":{"name":"decodeMap","line":347,"loc":{"start":{"line":347,"column":2},"end":{"line":347,"column":57}}},"12":{"name":"decodeFixExt","line":374,"loc":{"start":{"line":374,"column":2},"end":{"line":374,"column":44}}},"13":{"name":"decodeExt","line":380,"loc":{"start":{"line":380,"column":2},"end":{"line":380,"column":59}}}},"statementMap":{"1":{"start":{"line":1,"column":0},"end":{"line":1,"column":22}},"2":{"start":{"line":2,"column":0},"end":{"line":2,"column":26}},"3":{"start":{"line":4,"column":0},"end":{"line":11,"column":1}},"4":{"start":{"line":5,"column":2},"end":{"line":5,"column":18}},"5":{"start":{"line":6,"column":2},"end":{"line":8,"column":3}},"6":{"start":{"line":7,"column":4},"end":{"line":7,"column":51}},"7":{"start":{"line":9,"column":2},"end":{"line":9,"column":35}},"8":{"start":{"line":10,"column":2},"end":{"line":10,"column":46}},"9":{"start":{"line":13,"column":0},"end":{"line":13,"column":43}},"10":{"start":{"line":15,"column":0},"end":{"line":395,"column":1}},"11":{"start":{"line":16,"column":2},"end":{"line":16,"column":15}},"12":{"start":{"line":18,"column":2},"end":{"line":73,"column":3}},"13":{"start":{"line":19,"column":4},"end":{"line":72,"column":5}},"14":{"start":{"line":21,"column":8},"end":{"line":21,"column":16}},"15":{"start":{"line":23,"column":8},"end":{"line":23,"column":16}},"16":{"start":{"line":25,"column":8},"end":{"line":25,"column":16}},"17":{"start":{"line":27,"column":8},"end":{"line":27,"column":16}},"18":{"start":{"line":29,"column":8},"end":{"line":29,"column":16}},"19":{"start":{"line":31,"column":8},"end":{"line":31,"column":16}},"20":{"start":{"line":33,"column":8},"end":{"line":33,"column":16}},"21":{"start":{"line":35,"column":8},"end":{"line":35,"column":16}},"22":{"start":{"line":37,"column":8},"end":{"line":37,"column":16}},"23":{"start":{"line":39,"column":8},"end":{"line":39,"column":16}},"24":{"start":{"line":41,"column":8},"end":{"line":41,"column":16}},"25":{"start":{"line":43,"column":8},"end":{"line":43,"column":16}},"26":{"start":{"line":45,"column":8},"end":{"line":45,"column":16}},"27":{"start":{"line":47,"column":8},"end":{"line":47,"column":16}},"28":{"start":{"line":49,"column":8},"end":{"line":49,"column":16}},"29":{"start":{"line":51,"column":8},"end":{"line":51,"column":16}},"30":{"start":{"line":53,"column":8},"end":{"line":53,"column":16}},"31":{"start":{"line":55,"column":8},"end":{"line":55,"column":16}},"32":{"start":{"line":57,"column":8},"end":{"line":57,"column":16}},"33":{"start":{"line":59,"column":8},"end":{"line":59,"column":17}},"34":{"start":{"line":61,"column":8},"end":{"line":61,"column":17}},"35":{"start":{"line":63,"column":8},"end":{"line":63,"column":16}},"36":{"start":{"line":65,"column":8},"end":{"line":65,"column":16}},"37":{"start":{"line":67,"column":8},"end":{"line":67,"column":16}},"38":{"start":{"line":69,"column":8},"end":{"line":69,"column":16}},"39":{"start":{"line":71,"column":8},"end":{"line":71,"column":17}},"40":{"start":{"line":75,"column":2},"end":{"line":83,"column":3}},"41":{"start":{"line":76,"column":4},"end":{"line":76,"column":29}},"42":{"start":{"line":78,"column":4},"end":{"line":82,"column":5}},"43":{"start":{"line":79,"column":6},"end":{"line":79,"column":18}},"44":{"start":{"line":81,"column":6},"end":{"line":81,"column":17}},"45":{"start":{"line":85,"column":2},"end":{"line":87,"column":3}},"46":{"start":{"line":86,"column":4},"end":{"line":86,"column":49}},"47":{"start":{"line":89,"column":2},"end":{"line":94,"column":3}},"48":{"start":{"line":90,"column":4},"end":{"line":93,"column":5}},"49":{"start":{"line":96,"column":2},"end":{"line":108,"column":3}},"50":{"start":{"line":97,"column":4},"end":{"line":99,"column":5}},"51":{"start":{"line":98,"column":6},"end":{"line":98,"column":28}},"52":{"start":{"line":101,"column":4},"end":{"line":101,"column":31}},"53":{"start":{"line":102,"column":4},"end":{"line":107,"column":5}},"54":{"start":{"line":103,"column":6},"end":{"line":103,"column":39}},"55":{"start":{"line":104,"column":6},"end":{"line":104,"column":25}},"56":{"start":{"line":106,"column":6},"end":{"line":106,"column":39}},"57":{"start":{"line":110,"column":2},"end":{"line":309,"column":3}},"58":{"start":{"line":111,"column":4},"end":{"line":111,"column":46}},"59":{"start":{"line":112,"column":4},"end":{"line":112,"column":39}},"60":{"start":{"line":113,"column":4},"end":{"line":115,"column":5}},"61":{"start":{"line":114,"column":6},"end":{"line":114,"column":17}},"62":{"start":{"line":117,"column":4},"end":{"line":117,"column":37}},"63":{"start":{"line":118,"column":4},"end":{"line":118,"column":14}},"64":{"start":{"line":119,"column":4},"end":{"line":119,"column":18}},"65":{"start":{"line":120,"column":4},"end":{"line":120,"column":12}},"66":{"start":{"line":121,"column":4},"end":{"line":121,"column":15}},"67":{"start":{"line":123,"column":4},"end":{"line":125,"column":5}},"68":{"start":{"line":124,"column":6},"end":{"line":124,"column":17}},"69":{"start":{"line":127,"column":4},"end":{"line":280,"column":5}},"70":{"start":{"line":129,"column":8},"end":{"line":129,"column":41}},"71":{"start":{"line":131,"column":8},"end":{"line":131,"column":42}},"72":{"start":{"line":133,"column":8},"end":{"line":133,"column":41}},"73":{"start":{"line":136,"column":8},"end":{"line":136,"column":42}},"74":{"start":{"line":137,"column":8},"end":{"line":137,"column":43}},"75":{"start":{"line":140,"column":8},"end":{"line":140,"column":45}},"76":{"start":{"line":141,"column":8},"end":{"line":141,"column":43}},"77":{"start":{"line":144,"column":8},"end":{"line":144,"column":45}},"78":{"start":{"line":145,"column":8},"end":{"line":145,"column":43}},"79":{"start":{"line":149,"column":8},"end":{"line":151,"column":9}},"80":{"start":{"line":150,"column":10},"end":{"line":150,"column":92}},"81":{"start":{"line":152,"column":8},"end":{"line":152,"column":43}},"82":{"start":{"line":155,"column":8},"end":{"line":155,"column":41}},"83":{"start":{"line":156,"column":8},"end":{"line":156,"column":43}},"84":{"start":{"line":159,"column":8},"end":{"line":159,"column":44}},"85":{"start":{"line":160,"column":8},"end":{"line":160,"column":43}},"86":{"start":{"line":163,"column":8},"end":{"line":163,"column":44}},"87":{"start":{"line":164,"column":8},"end":{"line":164,"column":43}},"88":{"start":{"line":166,"column":8},"end":{"line":166,"column":66}},"89":{"start":{"line":167,"column":8},"end":{"line":167,"column":43}},"90":{"start":{"line":170,"column":8},"end":{"line":170,"column":44}},"91":{"start":{"line":171,"column":8},"end":{"line":171,"column":43}},"92":{"start":{"line":174,"column":8},"end":{"line":174,"column":45}},"93":{"start":{"line":175,"column":8},"end":{"line":175,"column":43}},"94":{"start":{"line":178,"column":8},"end":{"line":178,"column":42}},"95":{"start":{"line":179,"column":8},"end":{"line":181,"column":9}},"96":{"start":{"line":180,"column":10},"end":{"line":180,"column":21}},"97":{"start":{"line":182,"column":8},"end":{"line":182,"column":70}},"98":{"start":{"line":183,"column":8},"end":{"line":183,"column":52}},"99":{"start":{"line":186,"column":8},"end":{"line":186,"column":45}},"100":{"start":{"line":187,"column":8},"end":{"line":189,"column":9}},"101":{"start":{"line":188,"column":10},"end":{"line":188,"column":21}},"102":{"start":{"line":190,"column":8},"end":{"line":190,"column":70}},"103":{"start":{"line":191,"column":8},"end":{"line":191,"column":52}},"104":{"start":{"line":194,"column":8},"end":{"line":194,"column":45}},"105":{"start":{"line":195,"column":8},"end":{"line":197,"column":9}},"106":{"start":{"line":196,"column":10},"end":{"line":196,"column":21}},"107":{"start":{"line":198,"column":8},"end":{"line":198,"column":70}},"108":{"start":{"line":199,"column":8},"end":{"line":199,"column":52}},"109":{"start":{"line":202,"column":8},"end":{"line":202,"column":42}},"110":{"start":{"line":203,"column":8},"end":{"line":205,"column":9}},"111":{"start":{"line":204,"column":10},"end":{"line":204,"column":21}},"112":{"start":{"line":206,"column":8},"end":{"line":206,"column":59}},"113":{"start":{"line":207,"column":8},"end":{"line":207,"column":52}},"114":{"start":{"line":210,"column":8},"end":{"line":210,"column":45}},"115":{"start":{"line":211,"column":8},"end":{"line":213,"column":9}},"116":{"start":{"line":212,"column":10},"end":{"line":212,"column":21}},"117":{"start":{"line":214,"column":8},"end":{"line":214,"column":59}},"118":{"start":{"line":215,"column":8},"end":{"line":215,"column":52}},"119":{"start":{"line":218,"column":8},"end":{"line":218,"column":45}},"120":{"start":{"line":219,"column":8},"end":{"line":221,"column":9}},"121":{"start":{"line":220,"column":10},"end":{"line":220,"column":21}},"122":{"start":{"line":222,"column":8},"end":{"line":222,"column":59}},"123":{"start":{"line":223,"column":8},"end":{"line":223,"column":52}},"124":{"start":{"line":226,"column":8},"end":{"line":228,"column":9}},"125":{"start":{"line":227,"column":10},"end":{"line":227,"column":21}},"126":{"start":{"line":230,"column":8},"end":{"line":230,"column":45}},"127":{"start":{"line":231,"column":8},"end":{"line":231,"column":50}},"128":{"start":{"line":234,"column":8},"end":{"line":236,"column":9}},"129":{"start":{"line":235,"column":10},"end":{"line":235,"column":21}},"130":{"start":{"line":238,"column":8},"end":{"line":238,"column":45}},"131":{"start":{"line":239,"column":8},"end":{"line":239,"column":50}},"132":{"start":{"line":242,"column":8},"end":{"line":242,"column":45}},"133":{"start":{"line":243,"column":8},"end":{"line":243,"column":48}},"134":{"start":{"line":245,"column":8},"end":{"line":245,"column":54}},"135":{"start":{"line":247,"column":8},"end":{"line":247,"column":43}},"136":{"start":{"line":249,"column":8},"end":{"line":249,"column":43}},"137":{"start":{"line":251,"column":8},"end":{"line":251,"column":43}},"138":{"start":{"line":253,"column":8},"end":{"line":253,"column":43}},"139":{"start":{"line":255,"column":8},"end":{"line":255,"column":44}},"140":{"start":{"line":258,"column":8},"end":{"line":258,"column":42}},"141":{"start":{"line":259,"column":8},"end":{"line":259,"column":40}},"142":{"start":{"line":260,"column":8},"end":{"line":262,"column":9}},"143":{"start":{"line":261,"column":10},"end":{"line":261,"column":21}},"144":{"start":{"line":263,"column":8},"end":{"line":263,"column":54}},"145":{"start":{"line":266,"column":8},"end":{"line":266,"column":45}},"146":{"start":{"line":267,"column":8},"end":{"line":267,"column":40}},"147":{"start":{"line":268,"column":8},"end":{"line":270,"column":9}},"148":{"start":{"line":269,"column":10},"end":{"line":269,"column":21}},"149":{"start":{"line":271,"column":8},"end":{"line":271,"column":54}},"150":{"start":{"line":274,"column":8},"end":{"line":274,"column":45}},"151":{"start":{"line":275,"column":8},"end":{"line":275,"column":40}},"152":{"start":{"line":276,"column":8},"end":{"line":278,"column":9}},"153":{"start":{"line":277,"column":10},"end":{"line":277,"column":21}},"154":{"start":{"line":279,"column":8},"end":{"line":279,"column":54}},"155":{"start":{"line":282,"column":4},"end":{"line":308,"column":5}},"156":{"start":{"line":284,"column":6},"end":{"line":284,"column":27}},"157":{"start":{"line":285,"column":6},"end":{"line":285,"column":48}},"158":{"start":{"line":286,"column":11},"end":{"line":308,"column":5}},"159":{"start":{"line":288,"column":6},"end":{"line":288,"column":27}},"160":{"start":{"line":289,"column":6},"end":{"line":289,"column":46}},"161":{"start":{"line":290,"column":11},"end":{"line":308,"column":5}},"162":{"start":{"line":292,"column":6},"end":{"line":292,"column":27}},"163":{"start":{"line":293,"column":6},"end":{"line":298,"column":7}},"164":{"start":{"line":294,"column":8},"end":{"line":294,"column":70}},"165":{"start":{"line":295,"column":8},"end":{"line":295,"column":52}},"166":{"start":{"line":297,"column":8},"end":{"line":297,"column":19}},"167":{"start":{"line":299,"column":11},"end":{"line":308,"column":5}},"168":{"start":{
[...]
},"end":{"line":52,"column":13}},{"start":{"line":52,"column":13},"end":{"line":52,"column":13}}]},"15":{"line":63,"type":"if","locations":[{"start":{"line":63,"column":11},"end":{"line":63,"column":11}},{"start":{"line":63,"column":11},"end":{"line":63,"column":11}}]},"16":{"line":64,"type":"if","locations":[{"start":{"line":64,"column":6},"end":{"line":64,"column":6}},{"start":{"line":64,"column":6},"end":{"line":64,"column":6}}]},"17":{"line":67,"type":"if","locations":[{"start":{"line":67,"column":13},"end":{"line":67,"column":13}},{"start":{"line":67,"column":13},"end":{"line":67,"column":13}}]},"18":{"line":81,"type":"if","locations":[{"start":{"line":81,"column":11},"end":{"line":81,"column":11}},{"start":{"line":81,"column":11},"end":{"line":81,"column":11}}]},"19":{"line":82,"type":"binary-expr","locations":[{"start":{"line":82,"column":12},"end":{"line":82,"column":26}},{"start":{"line":82,"column":30},"end":{"line":82,"column":47}}]},"20":{"line":83,"type":"if","locations":[{"start":{"line":83,"column":11},"end":{"line":83,"column":11}},{"start":{"line":83,"column":11},"end":{"line":83,"column":11}}]},"21":{"line":84,"type":"if","locations":[{"start":{"line":84,"column":6},"end":{"line":84,"column":6}},{"start":{"line":84,"column":6},"end":{"line":84,"column":6}}]},"22":{"line":86,"type":"if","locations":[{"start":{"line":86,"column":13},"end":{"line":86,"column":13}},{"start":{"line":86,"column":13},"end":{"line":86,"column":13}}]},"23":{"line":87,"type":"if","locations":[{"start":{"line":87,"column":8},"end":{"line":87,"column":8}},{"start":{"line":87,"column":8},"end":{"line":87,"column":8}}]},"24":{"line":90,"type":"if","locations":[{"start":{"line":90,"column":15},"end":{"line":90,"column":15}},{"start":{"line":90,"column":15},"end":{"line":90,"column":15}}]},"25":{"line":94,"type":"if","locations":[{"start":{"line":94,"column":15},"end":{"line":94,"column":15}},{"start":{"line":94,"column":15},"end":{"line":94,"column":15}}]},"26":{"line":98,"type":"if","locations":[{"start":{"line":98,"column":15},"end":{"line":98,"column":15}},{"start":{"line":98,"column":15},"end":{"line":98,"column":15}}]},"27":{"line":102,"type":"if","locations":[{"start":{"line":102,"column":15},"end":{"line":102,"column":15}},{"start":{"line":102,"column":15},"end":{"line":102,"column":15}}]},"28":{"line":110,"type":"if","locations":[{"start":{"line":110,"column":8},"end":{"line":110,"column":8}},{"start":{"line":110,"column":8},"end":{"line":110,"column":8}}]},"29":{"line":113,"type":"if","locations":[{"start":{"line":113,"column":15},"end":{"line":113,"column":15}},{"start":{"line":113,"column":15},"end":{"line":113,"column":15}}]},"30":{"line":117,"type":"if","locations":[{"start":{"line":117,"column":15},"end":{"line":117,"column":15}},{"start":{"line":117,"column":15},"end":{"line":117,"column":15}}]},"31":{"line":121,"type":"if","locations":[{"start":{"line":121,"column":15},"end":{"line":121,"column":15}},{"start":{"line":121,"column":15},"end":{"line":121,"column":15}}]},"32":{"line":125,"type":"if","locations":[{"start":{"line":125,"column":15},"end":{"line":125,"column":15}},{"start":{"line":125,"column":15},"end":{"line":125,"column":15}}]},"33":{"line":135,"type":"if","locations":[{"start":{"line":135,"column":4},"end":{"line":135,"column":4}},{"start":{"line":135,"column":4},"end":{"line":135,"column":4}}]},"34":{"line":139,"type":"if","locations":[{"start":{"line":139,"column":4},"end":{"line":139,"column":4}},{"start":{"line":139,"column":4},"end":{"line":139,"column":4}}]},"35":{"line":153,"type":"if","locations":[{"start":{"line":153,"column":6},"end":{"line":153,"column":6}},{"start":{"line":153,"column":6},"end":{"line":153,"column":6}}]},"36":{"line":159,"type":"if","locations":[{"start":{"line":159,"column":4},"end":{"line":159,"column":4}},{"start":{"line":159,"column":4},"end":{"line":159,"column":4}}]},"37":{"line":167,"type":"if","locations":[{"start":{"line":167,"column":4},"end":{"line":167,"column":4}},{"start":{"line":167,"column":4},"end":{"line":167,"column":4}}]},"38":{"line":169,"type":"if","locations":[{"start":{"line":169,"column":11},"end":{"line":169,"column":11}},{"start":{"line":169,"column":11},"end":{"line":169,"column":11}}]},"39":{"line":171,"type":"if","locations":[{"start":{"line":171,"column":11},"end":{"line":171,"column":11}},{"start":{"line":171,"column":11},"end":{"line":171,"column":11}}]},"40":{"line":173,"type":"if","locations":[{"start":{"line":173,"column":11},"end":{"line":173,"column":11}},{"start":{"line":173,"column":11},"end":{"line":173,"column":11}}]},"41":{"line":175,"type":"if","locations":[{"start":{"line":175,"column":11},"end":{"line":175,"column":11}},{"start":{"line":175,"column":11},"end":{"line":175,"column":11}}]},"42":{"line":177,"type":"if","locations":[{"start":{"line":177,"column":11},"end":{"line":177,"column":11}},{"start":{"line":177,"column":11},"end":{"line":177,"column":11}}]},"43":{"line":180,"type":"if","locations":[{"start":{"line":180,"column":11},"end":{"line":180,"column":11}},{"start":{"line":180,"column":11},"end":{"line":180,"column":11}}]},"44":{"line":202,"type":"if","locations":[{"start":{"line":202,"column":6},"end":{"line":202,"column":6}},{"start":{"line":202,"column":6},"end":{"line":202,"column":6}}]},"45":{"line":202,"type":"binary-expr","locations":[{"start":{"line":202,"column":10},"end":{"line":202,"column":33}},{"start":{"line":203,"column":8},"end":{"line":203,"column":30}},{"start":{"line":204,"column":8},"end":{"line":204,"column":38}}]},"46":{"line":211,"type":"if","locations":[{"start":{"line":211,"column":4},"end":{"line":211,"column":4}},{"start":{"line":211,"column":4},"end":{"line":211,"column":4}}]},"47":{"line":243,"type":"if","locations":[{"start":{"line":243,"column":2},"end":{"line":243,"column":2}},{"start":{"line":243,"column":2},"end":{"line":243,"column":2}}]},"48":{"line":252,"type":"if","locations":[{"start":{"line":252,"column":2},"end":{"line":252,"column":2}},{"start":{"line":252,"column":2},"end":{"line":252,"column":2}}]},"49":{"line":275,"type":"if","locations":[{"start":{"line":275,"column":2},"end":{"line":275,"column":2}},{"start":{"line":275,"column":2},"end":{"line":275,"column":2}}]},"50":{"line":275,"type":"binary-expr","locations":[{"start":{"line":275,"column":6},"end":{"line":275,"column":18}},{"start":{"line":275,"column":22},"end":{"line":275,"column":68}}]}},"code":["var bl = require('bl')","var TOLERANCE = 0.1","","module.exports = function buildEncode (encodingTypes, forceFloat64, compatibilityMode) {","  function encode (obj, avoidSlice) {","    var buf,","      len","","    if (obj === undefined) {","      throw new Error('undefined is not encodable in msgpack!')","    } else if (obj === null) {","      buf = new Buffer(1)","      buf[0] = 0xc0","    } else if (obj === true) {","      buf = new Buffer(1)","      buf[0] = 0xc3","    } else if (obj === false) {","      buf = new Buffer(1)","      buf[0] = 0xc2","    } else if (typeof obj === 'string') {","      len = Buffer.byteLength(obj)","      if (len < 32) {","        buf = new Buffer(1 + len)","        buf[0] = 0xa0 | len","        if (len > 0) {","          buf.write(obj, 1)","        }","      } else if (len <= 0xff && !compatibilityMode) {","        // str8, but only when not in compatibility mode","        buf = new Buffer(2 + len)","        buf[0] = 0xd9","        buf[1] = len","        buf.write(obj, 2)","      } else if (len <= 0xffff) {","        buf = new Buffer(3 + len)","        buf[0] = 0xda","        buf.writeUInt16BE(len, 1)","        buf.write(obj, 3)","      } else {","        buf = new Buffer(5 + len)","        buf[0] = 0xdb","        buf.writeUInt32BE(len, 1)","        buf.write(obj, 5)","      }","    } else if (obj && obj.readUInt32LE) {","      // weird hack to support Buffer","      // and Buffer-like objects","      if (obj.length <= 0xff) {","        buf = new Buffer(2)","        buf[0] = 0xc4","        buf[1] = obj.length","      } else if (obj.length <= 0xffff) {","        buf = new Buffer(3)","        buf[0] = 0xc5","        buf.writeUInt16BE(obj.length, 1)","      } else {","        buf = new Buffer(5)","        buf[0] = 0xc6","        buf.writeUInt32BE(obj.length, 1)","      }","","      buf = bl([buf, obj])","    } else if (Array.isArray(obj)) {","      if (obj.length < 16) {","        buf = new Buffer(1)","        buf[0] = 0x90 | obj.length","      } else if (obj.length < 65536) {","        buf = new Buffer(3)","        buf[0] = 0xdc","        buf.writeUInt16BE(obj.length, 1)","      } else {","        buf = new Buffer(5)","        buf[0] = 0xdd","        buf.writeUInt32BE(obj.length, 1)","      }","","      buf = obj.reduce(function (acc, obj) {","        acc.append(encode(obj, true))","        return acc","      }, bl().append(buf))","    } else if (typeof obj === 'object') {","      buf = encodeExt(obj) || encodeObject(obj)","    } else if (typeof obj === 'number') {","      if (isFloat(obj)) {","        return encodeFloat(obj, forceFloat64)","      } else if (obj >= 0) {","        if (obj < 128) {","          buf = new Buffer(1)","          buf[0] = obj","        } else if (obj < 256) {","          buf = new Buffer(2)","          buf[0] = 0xcc","          buf[1] = obj","        } else if (obj < 65536) {","          buf = new Buffer(3)","          buf[0] = 0xcd","          buf.writeUInt16BE(obj, 1)","        } else if (obj <= 0xffffffff) {","          buf = new Buffer(5)","          buf[0] = 0xce","          buf.writeUInt32BE(obj, 1)","        } else if (obj <= 9007199254740991) {","          buf = new Buffer(9)","          buf[0] = 0xcf","          write64BitUint(buf, obj)","        } else {","          return encodeFloat(obj, true)","        }","      } else {","        if (obj >= -32) {","          buf = new Buffer(1)","          buf[0] = 0x100 + obj","        } else if (obj >= -128) {","          buf = new Buffer(2)","          buf[0] = 0xd0","          buf.writeInt8(obj, 1)","        } else if (obj >= -32768) {","          buf = new Buffer(3)","          buf[0] = 0xd1","          buf.writeInt16BE(obj, 1)","        } else if (obj > -214748365) {","          buf = new Buffer(5)","          buf[0] = 0xd2","          buf.writeInt32BE(obj, 1)","        } else if (obj >= -9007199254740991) {","          buf = new Buffer(9)","          buf[0] = 0xd3","          write64BitInt(buf, 1, obj)","        } else {","          return encodeFloat(obj, true)","        }","      }","    }","","    if (!buf) {","      throw new Error('not implemented yet')","    }","","    if (avoidSlice) {","      return buf","    } else {","      return buf.slice()","    }","  }","","  function encodeExt (obj) {","    var i","    var encoded","    var length = -1","    var headers = []","","    for (i = 0; i < encodingTypes.length; i++) {","      if (encodingTypes[i].check(obj)) {","        encoded = encodingTypes[i].encode(obj)","        break","      }","    }","","    if (!encoded) {","      return null","    }","","    // we subtract 1 because the length does not","    // include the type","    length = encoded.length - 1","","    if (length === 1) {","      headers.push(0xd4)","    } else if (length === 2) {","      headers.push(0xd5)","    } else if (length === 4) {","      headers.push(0xd6)","    } else if (length === 8) {","      headers.push(0xd7)","    } else if (length === 16) {","      headers.push(0xd8)","    } else if (length < 256) {","      headers.push(0xc7)","      headers.push(length)","    } else if (length < 0x10000) {","      headers.push(0xc8)","      headers.push(length >> 8)","      headers.push(length & 0x00ff)","    } else {","      headers.push(0xc9)","      headers.push(length >> 24)","      headers.push((length >> 16) & 0x000000ff)","      headers.push((length >> 8) & 0x000000ff)","      headers.push(length & 0x000000ff)","    }","","    return bl().append(new Buffer(headers)).append(encoded)","  }","","  function encodeObject (obj) {","    var acc = []","    var length = 0","    var key","    var header","","    for (key in obj) {","      if (obj.hasOwnProperty(key) &&","        obj[key] !== undefined &&","        typeof obj[key] !== 'function') {","        ++length","        acc.push(encode(key, true))","        acc.push(encode(obj[key], true))","      }","    }","","    if (length < 16) {","      header = new Buffer(1)","      header[0] = 0x80 | length","    } else {","      header = new Buffer(3)","      header[0] = 0xde","      header.writeUInt16BE(length, 1)","    }","","    acc.unshift(header)","","    var result = acc.reduce(function (list, buf) {","      return list.append(buf)","    }, bl())","","    return result","  }","","  return encode","}","","function write64BitUint (buf, obj) {","  // Write long byte by byte, in big-endian order","  for (var currByte = 7; currByte >= 0; currByte--) {","    buf[currByte + 1] = (obj & 0xff)","    obj = obj / 256","  }","}","","function write64BitInt (buf, offset, num) {","  var negate = num < 0","","  if (negate) {","    num = Math.abs(num)","  }","","  var lo = num % 4294967296","  var hi = num / 4294967296","  buf.writeUInt32BE(Math.floor(hi), offset + 0)","  buf.writeUInt32BE(lo, offset + 4)","","  if (negate) {","    var carry = 1","    for (var i = offset + 7; i >= offset; i--) {","      var v = (buf[i] ^ 0xff) + carry","      buf[i] = v & 0xff","      carry = v >> 8","    }","  }","}","","function isFloat (n) {","  return n !== Math.floor(n)","}","","function encodeFloat (obj, forceFloat64) {","  var buf","","  buf = new Buffer(5)","  buf[0] = 0xca","  buf.writeFloatBE(obj, 1)","","  // FIXME is there a way to check if a","  // value fits in a float?","  if (forceFloat64 || Math.abs(obj - buf.readFloatBE(1)) > TOLERANCE) {","    buf = new Buffer(9)","    buf[0] = 0xcb","    buf.writeDoubleBE(obj, 1)","  }","","  return buf","}",""],"l":{"1":1,"2":1,"4":1,"5":1,"6":600003,"9":600003,"10":0,"11":600003,"12":0,"13":0,"14":600003,"15":0,"16":0,"17":600003,"18":0,"19":0,"20":600003,"21":400002,"22":400002,"23":400002,"24":400002,"25":400002,"26":400002,"28":0,"30":0,"31":0,"32":0,"33":0,"34":0,"35":0,"36":0,"37":0,"38":0,"40":0,"41":0,"42":0,"43":0,"45":200001,"48":0,"49":0,"50":0,"51":0,"52":0,"53":0,"54":0,"55":0,"57":0,"58":0,"59":0,"62":0,"63":200001,"64":0,"65":0,"66":0,"67":0,"68":0,"69":0,"70":0,"72":0,"73":0,"74":0,"77":0,"78":0,"79":0,"81":200001,"82":200001,"83":0,"84":0,"85":0,"86":0,"87":0,"88":0,"89":0,"90":0,"91":0,"92":0,"93":0,"94":0,"95":0,"96":0,"97":0,"98":0,"99":0,"100":0,"101":0,"102":0,"103":0,"104":0,"105":0,"107":0,"110":0,"111":0,"112":0,"113":0,"114":0,"115":0,"116":0,"117":0,"118":0,"119":0,"120":0,"121":0,"122":0,"123":0,"124":0,"125":0,"126":0,"127":0,"128":0,"130":0,"135":600003,"136":0,"139":600003,"140":400002,"142":200001,"146":1,"147":200001,"148":200001,"149":200001,"150":200001,"152":200001,"153":0,"154":0,"155":0,"159":200001,"160":200001,"165":0,"167":0,"168":0,"169":0,"170":0,"171":0,"172":0,"173":0,"174":0,"175":0,"176":0,"177":0,"178":0,"179":0,"180":0,"181":0,"182":0,"183":0,"185":0,"186":0,"187":0,"188":0,"189":0,"192":0,"195":1,"196":200001,"197":200001,"198":200001,"199":200001,"201":200001,"202":200001,"205":200001,"206":200001,"207":200001,"211":200001,"212":200001,"213":200001,"215":0,"216":0,"217":0,"220":200001,"222":200001,"223":600003,"226":200001,"229":2,"232":1,"234":0,"235":0,"236":0,"240":1,"241":0,"243":0,"244":0,"247":0,"248":0,"249":0,"250":0,"252":0,"253":0,"254":0,"255":0,"256":0,"257":0,"262":1,"263":0,"266":1,"267":0,"269":0,"270":0,"271":0,"275":0,"276":0,"277":0,"278":0,"281":0}},"/home/travis/build/npmtest/node-npmtest-msgpack5/node_modules/msgpack5/benchmarks/encodedecode.js":{"path":"/home/travis/build/npmtest/node-npmtest-msgpack5/node_modules/msgpack5/benchmarks/encodedecode.js","s":{"1":1,"2":1,"3":1,"4":1,"5":1,"6":1,"7":1,"8":1,"9":1,"10":2,"11":200000,"12":1,"13":1,"14":1,"15":1,"16":1,"17":1},"b":{},"f":{"1":2},"fnMap":{"1":{"name":"run","line":10,"loc":{"start":{"line":10,"column":0},"end":{"line":10,"column":16}}}},"statementMap":{"1":{"start":{"line":1,"column":0},"end":{"line":1,"column":30}},"2":{"start":{"line":2,"column":0},"end":{"line":2,"column":28}},"3":{"start":{"line":3,"column":0},"end":{"line":3,"column":27}},"4":{"start":{"line":4,"column":0},"end":{"line":4,"column":27}},"5":{"start":{"line":5,"column":0},"end":{"line":5,"column":16}},"6":{"start":{"line":6,"column":0},"end":{"line":6,"column":9}},"7":{"start":{"line":7,"column":0},"end":{"line":7,"column":8}},"8":{"start":{"line":8,"column":0},"end":{"line":8,"column":5}},"9":{"start":{"line":10,"column":0},"end":{"line":14,"column":1}},"10":{"start":{"line":11,"column":2},"end":{"line":13,"column":3}},"11":{"start":{"line":12,"column":4},"end":{"line":12,"column":23}},"12":{"start":{"line":17,"column":0},"end":{"line":17,"column":5}},"13":{"start":{"line":19,"column":0},"end":{"line":19,"column":18}},"14":{"start":{"line":20,"column":0},"end":{"line":20,"column":5}},"15":{"start":{"line":21,"column":0},"end":{"line":21,"column":17}},"16":{"start":{"line":22,"column":0},"end":{"line":22,"column":33}},"17":{"start":{"line":23,"column":0},"end":{"line":23,"column":52}}},"branchMap":{},"code":["var msgpack = require('../')()","var msg = { hello: 'world' }","var encode = msgpack.encode","var decode = msgpack.decode","var max = 100000","var start","var stop","var i","","function run () {","  for (i = 0; i < max; i++) {","    decode(encode(msg))","  }","}","","// preheat","run()","","start = Date.now()","run()","stop = Date.now()","console.log('time', stop - start)","console.log('decode/s', max / (stop - start) * 1000)",""],"l":{"1":1,"2":1,"3":1,"4":1,"5":1,"6":1,"7":1,"8":1,"10":1,"11":2,"12":200000,"17":1,"19":1,"20":1,"21":1,"22":1,"23":1}},"/home/travis/build/npmtest/node-npmtest-msgpack5/node_modules/msgpack5/benchmarks/parseshortmap.js":{"path":"/home/travis/build/npmtest/node-npmtest-msgpack5/node_modules/msgpack5/benchmarks/parseshortmap.js","s":{"1":1,"2":1,"3":1,"4":1,"5":1,"6":1,"7":1,"8":1,"9":1,"10":2,"11":2000000,"12":1,"13":1,"14":1,"15":1,"16":1,"17":1},"b":{},"f":{"1":2},"fnMap":{"1":{"name":"run","line":10,"loc":{"start":{"line":10,"column":0},"end":{"line":10,"column":16}}}},"statementMap":{"1":{"start":{"line":1,"column":0},"end":{"line":1,"column":30}},"2":{"start":{"line":2,"column":0},"end":{"line":2,"column":22}},"3":{"start":{"line":3,"column":0},"end":{"line":3,"column":48}},"4":{"start":{"line":4,"column":0},"end":{"line":4,"column":27}},"5":{"start":{"line":5,"column":0},"end":{"line":5,"column":17}},"6":{"start":{"line":6,"column":0},"end":{"line":6,"column":9}},"7":{"start":{"line":7,"column":0},"end":{"line":7,"column":8}},"8":{"start":{"line":8,"column":0},"end":{"line":8,"column":5}},"9":{"start":{"line":10,"column":0},"end":{"line":14,"column":1}},"10":{"start":{"line":11,"column":2},"end":{"line":13,"column":3}},"11":{"start":{"line":12,"column":4},"end":{"line":12,"column":27}},"12":{"start":{"line":17,"column":0},"end":{"line":17,"column":5}},"13":{"start":{"line":19,"column":0},"end":{"line":19,"column":18}},"14":{"start":{"line":20,"column":0},"end":{"line":20,"column":5}},"15":{"start":{"line":21,"column":0},"end":{"line":21,"column":17}},"16":{"start":{"line":22,"column":0},"end":{"line":22,"column":33}},"17":{"start":{"line":23,"column":0},"end":{"line":23,"column":52}}},"branchMap":{},"code":["var msgpack = require('../')()","var bl = require('bl')","var msg = bl(msgpack.encode({ hello: 'world' }))","var decode = msgpack.decode","var max = 1000000","var start","var stop","var i","","function run () {","  for (i = 0; i < max; i++) {","    decode(msg.duplicate())","  }","}","","// preheat","run()","","start = Date.now()","run()","stop = Date.now()","console.log('time', stop - start)","console.log('decode/s', max / (stop - start) * 1000)",""],"l":{"1":1,"2":1,"3":1,"4":1,"5":1,"6":1,"7":1,"8":1,"10":1,"11":2,"12":2000000,"17":1,"19":1,"20":1,"21":1,"22":1,"23":1}}}